2026-02-02 07:24:43 | INFO | __main__ | Config loaded from config.json
2026-02-02 07:24:43 | INFO | mt5_client | Connected to MT5 terminal: MetaTrader 5
2026-02-02 07:24:43 | INFO | mt5_client | MT5 version: (500, 5541, '25 Jan 2026')
2026-02-02 07:24:43 | INFO | state_manager | State loaded: strategy (2 keys)
2026-02-02 07:24:43 | INFO | state_manager | Strategy: Restored 0 breakout bar entries
2026-02-02 07:24:43 | INFO | __main__ | Strategy: Duplicate prevention state restored
2026-02-02 07:24:43 | INFO | __main__ | Strategy init: breakout_thr=0 rr=1.50 lookback=20 swing=5
2026-02-02 07:24:43 | INFO | __main__ | Starting trading loop
2026-02-02 07:25:41 | INFO | __main__ | [HEARTBEAT] symbols=16 open_pos=0 total_trades=7 loop=196ms
2026-02-02 07:26:44 | INFO | __main__ | [HEARTBEAT] symbols=16 open_pos=0 total_trades=7 loop=207ms
2026-02-02 07:27:46 | INFO | __main__ | [HEARTBEAT] symbols=16 open_pos=0 total_trades=7 loop=211ms
2026-02-02 07:28:49 | INFO | __main__ | [HEARTBEAT] symbols=16 open_pos=0 total_trades=7 loop=196ms
2026-02-02 07:29:52 | INFO | __main__ | [HEARTBEAT] symbols=16 open_pos=0 total_trades=7 loop=231ms
2026-02-02 07:30:54 | INFO | __main__ | [HEARTBEAT] symbols=16 open_pos=0 total_trades=7 loop=218ms
2026-02-02 07:31:57 | INFO | __main__ | [HEARTBEAT] symbols=16 open_pos=0 total_trades=7 loop=194ms
2026-02-02 07:33:00 | INFO | __main__ | [HEARTBEAT] symbols=16 open_pos=0 total_trades=7 loop=234ms
2026-02-02 07:34:03 | INFO | __main__ | [HEARTBEAT] symbols=16 open_pos=0 total_trades=7 loop=234ms
2026-02-02 07:35:05 | INFO | __main__ | [HEARTBEAT] symbols=16 open_pos=0 total_trades=7 loop=200ms
2026-02-02 07:36:08 | INFO | __main__ | [HEARTBEAT] symbols=16 open_pos=0 total_trades=7 loop=217ms
2026-02-02 07:37:11 | INFO | __main__ | [HEARTBEAT] symbols=16 open_pos=0 total_trades=7 loop=208ms
2026-02-02 07:38:13 | INFO | __main__ | [HEARTBEAT] symbols=16 open_pos=0 total_trades=7 loop=218ms
2026-02-02 07:39:16 | INFO | __main__ | [HEARTBEAT] symbols=16 open_pos=0 total_trades=7 loop=200ms
2026-02-02 07:40:19 | INFO | __main__ | [HEARTBEAT] symbols=16 open_pos=0 total_trades=7 loop=193ms
2026-02-02 07:41:21 | INFO | __main__ | [HEARTBEAT] symbols=16 open_pos=0 total_trades=7 loop=236ms
2026-02-02 07:42:24 | INFO | __main__ | [HEARTBEAT] symbols=16 open_pos=0 total_trades=7 loop=207ms
2026-02-02 07:43:27 | INFO | __main__ | [HEARTBEAT] symbols=16 open_pos=0 total_trades=7 loop=197ms
2026-02-02 07:44:29 | INFO | __main__ | [HEARTBEAT] symbols=16 open_pos=0 total_trades=7 loop=241ms
2026-02-02 07:44:40 | WARNING | mt5_client | MT5 not connected; reconnect attempt 1/3
2026-02-02 07:44:40 | INFO | mt5_client | Attempting to reconnect to MT5
2026-02-02 07:44:45 | INFO | mt5_client | Connected to MT5 terminal: MetaTrader 5
2026-02-02 07:44:45 | INFO | mt5_client | MT5 version: (500, 5541, '25 Jan 2026')
2026-02-02 07:45:38 | INFO | __main__ | [HEARTBEAT] symbols=16 open_pos=0 total_trades=7 loop=207ms
2026-02-02 07:46:40 | INFO | __main__ | [HEARTBEAT] symbols=16 open_pos=0 total_trades=7 loop=202ms
2026-02-02 07:47:43 | INFO | __main__ | [HEARTBEAT] symbols=16 open_pos=0 total_trades=7 loop=212ms
2026-02-02 07:48:46 | INFO | __main__ | [HEARTBEAT] symbols=16 open_pos=0 total_trades=7 loop=204ms
2026-02-02 07:49:48 | INFO | __main__ | [HEARTBEAT] symbols=16 open_pos=0 total_trades=7 loop=218ms
2026-02-02 07:50:51 | INFO | __main__ | [HEARTBEAT] symbols=16 open_pos=0 total_trades=7 loop=209ms
2026-02-02 07:51:53 | INFO | __main__ | [HEARTBEAT] symbols=16 open_pos=0 total_trades=7 loop=194ms
2026-02-02 07:52:56 | INFO | __main__ | [HEARTBEAT] symbols=16 open_pos=0 total_trades=7 loop=198ms
2026-02-02 07:53:58 | INFO | __main__ | [HEARTBEAT] symbols=16 open_pos=0 total_trades=7 loop=204ms
2026-02-02 07:55:01 | INFO | __main__ | [HEARTBEAT] symbols=16 open_pos=0 total_trades=7 loop=213ms
2026-02-02 07:56:04 | INFO | __main__ | [HEARTBEAT] symbols=16 open_pos=0 total_trades=7 loop=197ms
2026-02-02 07:57:06 | INFO | __main__ | [HEARTBEAT] symbols=16 open_pos=0 total_trades=7 loop=219ms
2026-02-02 07:58:09 | INFO | __main__ | [HEARTBEAT] symbols=16 open_pos=0 total_trades=7 loop=198ms
2026-02-02 07:59:11 | INFO | __main__ | [HEARTBEAT] symbols=16 open_pos=0 total_trades=7 loop=197ms
2026-02-02 08:00:14 | INFO | __main__ | [HEARTBEAT] symbols=16 open_pos=0 total_trades=7 loop=239ms
2026-02-02 08:01:16 | INFO | __main__ | [HEARTBEAT] symbols=16 open_pos=0 total_trades=7 loop=226ms
2026-02-02 08:02:19 | INFO | __main__ | [HEARTBEAT] symbols=16 open_pos=0 total_trades=7 loop=196ms
2026-02-02 08:03:22 | INFO | __main__ | [HEARTBEAT] symbols=16 open_pos=0 total_trades=7 loop=227ms
2026-02-02 08:04:24 | INFO | __main__ | [HEARTBEAT] symbols=16 open_pos=0 total_trades=7 loop=212ms
2026-02-02 08:05:27 | INFO | __main__ | [HEARTBEAT] symbols=16 open_pos=0 total_trades=7 loop=212ms
2026-02-02 08:06:30 | INFO | __main__ | [HEARTBEAT] symbols=16 open_pos=0 total_trades=7 loop=217ms
2026-02-02 08:07:32 | INFO | __main__ | [HEARTBEAT] symbols=16 open_pos=0 total_trades=7 loop=211ms
2026-02-02 08:08:35 | INFO | __main__ | [HEARTBEAT] symbols=16 open_pos=0 total_trades=7 loop=216ms
2026-02-02 08:09:38 | INFO | __main__ | [HEARTBEAT] symbols=16 open_pos=0 total_trades=7 loop=213ms
2026-02-02 08:10:40 | INFO | __main__ | [HEARTBEAT] symbols=16 open_pos=0 total_trades=7 loop=211ms
2026-02-02 08:11:43 | INFO | __main__ | [HEARTBEAT] symbols=16 open_pos=0 total_trades=7 loop=210ms
2026-02-02 08:12:46 | INFO | __main__ | [HEARTBEAT] symbols=16 open_pos=0 total_trades=7 loop=215ms
2026-02-02 08:13:48 | INFO | __main__ | [HEARTBEAT] symbols=16 open_pos=0 total_trades=7 loop=220ms
2026-02-02 08:14:51 | INFO | __main__ | [HEARTBEAT] symbols=16 open_pos=0 total_trades=7 loop=209ms
2026-02-02 08:15:53 | INFO | __main__ | [HEARTBEAT] symbols=16 open_pos=0 total_trades=7 loop=205ms
2026-02-02 08:16:56 | INFO | __main__ | [HEARTBEAT] symbols=16 open_pos=0 total_trades=7 loop=209ms
2026-02-02 08:17:59 | INFO | __main__ | [HEARTBEAT] symbols=16 open_pos=0 total_trades=7 loop=200ms
2026-02-02 08:19:01 | INFO | __main__ | [HEARTBEAT] symbols=16 open_pos=0 total_trades=7 loop=238ms
2026-02-02 08:20:04 | INFO | __main__ | [HEARTBEAT] symbols=16 open_pos=0 total_trades=7 loop=197ms
2026-02-02 08:21:07 | INFO | __main__ | [HEARTBEAT] symbols=16 open_pos=0 total_trades=7 loop=209ms
2026-02-02 08:22:09 | INFO | __main__ | [HEARTBEAT] symbols=16 open_pos=0 total_trades=7 loop=207ms
2026-02-02 08:23:12 | INFO | __main__ | [HEARTBEAT] symbols=16 open_pos=0 total_trades=7 loop=222ms
2026-02-02 08:24:15 | INFO | __main__ | [HEARTBEAT] symbols=16 open_pos=0 total_trades=7 loop=205ms
2026-02-02 08:25:17 | INFO | __main__ | [HEARTBEAT] symbols=16 open_pos=0 total_trades=7 loop=206ms
2026-02-02 08:26:20 | INFO | __main__ | [HEARTBEAT] symbols=16 open_pos=0 total_trades=7 loop=226ms
2026-02-02 08:27:22 | INFO | __main__ | [HEARTBEAT] symbols=16 open_pos=0 total_trades=7 loop=200ms
2026-02-02 08:28:25 | INFO | __main__ | [HEARTBEAT] symbols=16 open_pos=0 total_trades=7 loop=206ms
2026-02-02 08:29:28 | INFO | __main__ | [HEARTBEAT] symbols=16 open_pos=0 total_trades=7 loop=245ms
2026-02-02 08:30:30 | INFO | __main__ | [HEARTBEAT] symbols=16 open_pos=0 total_trades=7 loop=234ms
2026-02-02 08:31:33 | INFO | __main__ | [HEARTBEAT] symbols=16 open_pos=0 total_trades=7 loop=206ms
2026-02-02 08:32:35 | INFO | __main__ | [HEARTBEAT] symbols=16 open_pos=0 total_trades=7 loop=201ms
2026-02-02 08:33:38 | INFO | __main__ | [HEARTBEAT] symbols=16 open_pos=0 total_trades=7 loop=200ms
2026-02-02 08:34:40 | INFO | __main__ | [HEARTBEAT] symbols=16 open_pos=0 total_trades=7 loop=198ms
2026-02-02 08:35:43 | INFO | __main__ | [HEARTBEAT] symbols=16 open_pos=0 total_trades=7 loop=216ms
2026-02-02 08:36:46 | INFO | __main__ | [HEARTBEAT] symbols=16 open_pos=0 total_trades=7 loop=223ms
2026-02-02 08:37:48 | INFO | __main__ | [HEARTBEAT] symbols=16 open_pos=0 total_trades=7 loop=198ms
2026-02-02 08:38:51 | INFO | __main__ | [HEARTBEAT] symbols=16 open_pos=0 total_trades=7 loop=196ms
2026-02-02 08:39:53 | INFO | __main__ | [HEARTBEAT] symbols=16 open_pos=0 total_trades=7 loop=200ms
2026-02-02 08:40:56 | INFO | __main__ | [HEARTBEAT] symbols=16 open_pos=0 total_trades=7 loop=205ms
2026-02-02 08:41:58 | INFO | __main__ | [HEARTBEAT] symbols=16 open_pos=0 total_trades=7 loop=205ms
2026-02-02 08:43:01 | INFO | __main__ | [HEARTBEAT] symbols=16 open_pos=0 total_trades=7 loop=204ms
2026-02-02 08:44:04 | INFO | __main__ | [HEARTBEAT] symbols=16 open_pos=0 total_trades=7 loop=206ms
2026-02-02 08:45:06 | INFO | __main__ | [HEARTBEAT] symbols=16 open_pos=0 total_trades=7 loop=203ms
2026-02-02 08:46:09 | INFO | __main__ | [HEARTBEAT] symbols=16 open_pos=0 total_trades=7 loop=187ms
2026-02-02 08:47:11 | INFO | __main__ | [HEARTBEAT] symbols=16 open_pos=0 total_trades=7 loop=230ms
2026-02-02 08:48:14 | INFO | __main__ | [HEARTBEAT] symbols=16 open_pos=0 total_trades=7 loop=191ms
2026-02-02 08:49:16 | INFO | __main__ | [HEARTBEAT] symbols=16 open_pos=0 total_trades=7 loop=213ms
2026-02-02 08:50:19 | INFO | __main__ | [HEARTBEAT] symbols=16 open_pos=0 total_trades=7 loop=198ms
2026-02-02 08:51:22 | INFO | __main__ | [HEARTBEAT] symbols=16 open_pos=0 total_trades=7 loop=261ms
2026-02-02 08:52:24 | INFO | __main__ | [HEARTBEAT] symbols=16 open_pos=0 total_trades=7 loop=268ms
2026-02-02 08:53:27 | INFO | __main__ | [HEARTBEAT] symbols=16 open_pos=0 total_trades=7 loop=199ms
2026-02-02 08:54:30 | INFO | __main__ | [HEARTBEAT] symbols=16 open_pos=0 total_trades=7 loop=233ms
2026-02-02 08:55:33 | INFO | __main__ | [HEARTBEAT] symbols=16 open_pos=0 total_trades=7 loop=229ms
2026-02-02 08:56:35 | INFO | __main__ | [HEARTBEAT] symbols=16 open_pos=0 total_trades=7 loop=221ms
2026-02-02 08:57:38 | INFO | __main__ | [HEARTBEAT] symbols=16 open_pos=0 total_trades=7 loop=188ms
2026-02-02 08:58:40 | INFO | __main__ | [HEARTBEAT] symbols=16 open_pos=0 total_trades=7 loop=197ms
2026-02-02 08:59:43 | INFO | __main__ | [HEARTBEAT] symbols=16 open_pos=0 total_trades=7 loop=199ms
2026-02-02 09:00:45 | INFO | __main__ | [HEARTBEAT] symbols=16 open_pos=0 total_trades=7 loop=199ms
2026-02-02 09:01:48 | INFO | __main__ | [HEARTBEAT] symbols=16 open_pos=0 total_trades=7 loop=226ms
2026-02-02 09:02:51 | INFO | __main__ | [HEARTBEAT] symbols=16 open_pos=0 total_trades=7 loop=231ms
2026-02-02 09:03:53 | INFO | __main__ | [HEARTBEAT] symbols=16 open_pos=0 total_trades=7 loop=215ms
2026-02-02 09:04:56 | INFO | __main__ | [HEARTBEAT] symbols=16 open_pos=0 total_trades=7 loop=239ms
2026-02-02 09:05:59 | INFO | __main__ | [HEARTBEAT] symbols=16 open_pos=0 total_trades=7 loop=232ms
2026-02-02 09:07:02 | INFO | __main__ | [HEARTBEAT] symbols=16 open_pos=0 total_trades=7 loop=205ms
2026-02-02 09:08:04 | INFO | __main__ | [HEARTBEAT] symbols=16 open_pos=0 total_trades=7 loop=209ms
2026-02-02 09:09:07 | INFO | __main__ | [HEARTBEAT] symbols=16 open_pos=0 total_trades=7 loop=200ms
2026-02-02 09:10:09 | INFO | __main__ | [HEARTBEAT] symbols=16 open_pos=0 total_trades=7 loop=208ms
2026-02-02 09:11:12 | INFO | __main__ | [HEARTBEAT] symbols=16 open_pos=0 total_trades=7 loop=204ms
2026-02-02 09:12:15 | INFO | __main__ | [HEARTBEAT] symbols=16 open_pos=0 total_trades=7 loop=212ms
2026-02-02 09:13:17 | INFO | __main__ | [HEARTBEAT] symbols=16 open_pos=0 total_trades=7 loop=227ms
2026-02-02 09:14:20 | INFO | __main__ | [HEARTBEAT] symbols=16 open_pos=0 total_trades=7 loop=202ms
2026-02-02 09:15:23 | INFO | __main__ | [HEARTBEAT] symbols=16 open_pos=0 total_trades=7 loop=209ms
2026-02-02 09:16:25 | INFO | __main__ | [HEARTBEAT] symbols=16 open_pos=0 total_trades=7 loop=247ms
2026-02-02 09:17:28 | INFO | __main__ | [HEARTBEAT] symbols=16 open_pos=0 total_trades=7 loop=202ms
2026-02-02 09:18:31 | INFO | __main__ | [HEARTBEAT] symbols=16 open_pos=0 total_trades=7 loop=194ms
2026-02-02 09:19:33 | INFO | __main__ | [HEARTBEAT] symbols=16 open_pos=0 total_trades=7 loop=200ms
2026-02-02 09:20:36 | INFO | __main__ | [HEARTBEAT] symbols=16 open_pos=0 total_trades=7 loop=223ms
2026-02-02 09:21:39 | INFO | __main__ | [HEARTBEAT] symbols=16 open_pos=0 total_trades=7 loop=204ms
2026-02-02 09:22:41 | INFO | __main__ | [HEARTBEAT] symbols=16 open_pos=0 total_trades=7 loop=200ms
2026-02-02 09:23:44 | INFO | __main__ | [HEARTBEAT] symbols=16 open_pos=0 total_trades=7 loop=206ms
2026-02-02 09:24:46 | INFO | __main__ | [HEARTBEAT] symbols=16 open_pos=0 total_trades=7 loop=196ms
2026-02-02 09:25:49 | INFO | __main__ | [HEARTBEAT] symbols=16 open_pos=0 total_trades=7 loop=197ms
2026-02-02 09:26:51 | INFO | __main__ | [HEARTBEAT] symbols=16 open_pos=0 total_trades=7 loop=220ms
2026-02-02 09:27:54 | INFO | __main__ | [HEARTBEAT] symbols=16 open_pos=0 total_trades=7 loop=256ms
2026-02-02 09:28:57 | INFO | __main__ | [HEARTBEAT] symbols=16 open_pos=0 total_trades=7 loop=206ms
2026-02-02 09:29:59 | INFO | __main__ | [HEARTBEAT] symbols=16 open_pos=0 total_trades=7 loop=244ms
2026-02-02 09:31:02 | INFO | __main__ | [HEARTBEAT] symbols=16 open_pos=0 total_trades=7 loop=229ms
2026-02-02 09:32:04 | INFO | __main__ | [HEARTBEAT] symbols=16 open_pos=0 total_trades=7 loop=191ms
2026-02-02 09:33:07 | INFO | __main__ | [HEARTBEAT] symbols=16 open_pos=0 total_trades=7 loop=197ms
2026-02-02 09:34:09 | INFO | __main__ | [HEARTBEAT] symbols=16 open_pos=0 total_trades=7 loop=207ms
2026-02-02 09:35:12 | INFO | __main__ | [HEARTBEAT] symbols=16 open_pos=0 total_trades=7 loop=208ms
2026-02-02 09:36:15 | INFO | __main__ | [HEARTBEAT] symbols=16 open_pos=0 total_trades=7 loop=189ms
2026-02-02 09:37:18 | INFO | __main__ | [HEARTBEAT] symbols=16 open_pos=0 total_trades=7 loop=192ms
2026-02-02 09:38:21 | INFO | __main__ | [HEARTBEAT] symbols=16 open_pos=0 total_trades=7 loop=205ms
2026-02-02 09:39:23 | INFO | __main__ | [HEARTBEAT] symbols=16 open_pos=0 total_trades=7 loop=191ms
2026-02-02 09:40:26 | INFO | __main__ | [HEARTBEAT] symbols=16 open_pos=0 total_trades=7 loop=201ms
2026-02-02 09:41:28 | INFO | __main__ | [HEARTBEAT] symbols=16 open_pos=0 total_trades=7 loop=204ms
2026-02-02 09:42:31 | INFO | __main__ | [HEARTBEAT] symbols=16 open_pos=0 total_trades=7 loop=192ms
2026-02-02 09:43:33 | INFO | __main__ | [HEARTBEAT] symbols=16 open_pos=0 total_trades=7 loop=216ms
2026-02-02 09:44:36 | INFO | __main__ | [HEARTBEAT] symbols=16 open_pos=0 total_trades=7 loop=212ms
2026-02-02 09:45:39 | INFO | __main__ | [HEARTBEAT] symbols=16 open_pos=0 total_trades=7 loop=209ms
2026-02-02 09:46:41 | INFO | __main__ | [HEARTBEAT] symbols=16 open_pos=0 total_trades=7 loop=212ms
2026-02-02 09:47:44 | INFO | __main__ | [HEARTBEAT] symbols=16 open_pos=0 total_trades=7 loop=194ms
2026-02-02 09:48:47 | INFO | __main__ | [HEARTBEAT] symbols=16 open_pos=0 total_trades=7 loop=201ms
2026-02-02 09:49:49 | INFO | __main__ | [HEARTBEAT] symbols=16 open_pos=0 total_trades=7 loop=212ms
2026-02-02 09:50:52 | INFO | __main__ | [HEARTBEAT] symbols=16 open_pos=0 total_trades=7 loop=215ms
2026-02-02 09:51:54 | INFO | __main__ | [HEARTBEAT] symbols=16 open_pos=0 total_trades=7 loop=209ms
2026-02-02 09:52:57 | INFO | __main__ | [HEARTBEAT] symbols=16 open_pos=0 total_trades=7 loop=212ms
2026-02-02 09:54:00 | INFO | __main__ | [HEARTBEAT] symbols=16 open_pos=0 total_trades=7 loop=201ms
2026-02-02 09:55:02 | INFO | __main__ | [HEARTBEAT] symbols=16 open_pos=0 total_trades=7 loop=228ms
2026-02-02 09:56:05 | INFO | __main__ | [HEARTBEAT] symbols=16 open_pos=0 total_trades=7 loop=204ms
2026-02-02 09:57:07 | INFO | __main__ | [HEARTBEAT] symbols=16 open_pos=0 total_trades=7 loop=204ms
2026-02-02 09:58:10 | INFO | __main__ | [HEARTBEAT] symbols=16 open_pos=0 total_trades=7 loop=208ms
2026-02-02 09:59:13 | INFO | __main__ | [HEARTBEAT] symbols=16 open_pos=0 total_trades=7 loop=205ms
2026-02-02 10:00:15 | INFO | __main__ | [HEARTBEAT] symbols=16 open_pos=0 total_trades=7 loop=222ms
2026-02-02 10:01:18 | INFO | __main__ | [HEARTBEAT] symbols=16 open_pos=0 total_trades=7 loop=236ms
2026-02-02 10:02:21 | INFO | __main__ | [HEARTBEAT] symbols=16 open_pos=0 total_trades=7 loop=221ms
2026-02-02 10:03:24 | INFO | __main__ | [HEARTBEAT] symbols=16 open_pos=0 total_trades=7 loop=211ms
2026-02-02 10:04:26 | INFO | __main__ | [HEARTBEAT] symbols=16 open_pos=0 total_trades=7 loop=212ms
2026-02-02 10:05:29 | INFO | __main__ | [HEARTBEAT] symbols=16 open_pos=0 total_trades=7 loop=209ms
2026-02-02 10:06:32 | INFO | __main__ | [HEARTBEAT] symbols=16 open_pos=0 total_trades=7 loop=217ms
2026-02-02 10:07:35 | INFO | __main__ | [HEARTBEAT] symbols=16 open_pos=0 total_trades=7 loop=217ms
2026-02-02 10:08:37 | INFO | __main__ | [HEARTBEAT] symbols=16 open_pos=0 total_trades=7 loop=211ms
2026-02-02 10:09:40 | INFO | __main__ | [HEARTBEAT] symbols=16 open_pos=0 total_trades=7 loop=209ms
2026-02-02 10:10:43 | INFO | __main__ | [HEARTBEAT] symbols=16 open_pos=0 total_trades=7 loop=227ms
2026-02-02 10:11:46 | INFO | __main__ | [HEARTBEAT] symbols=16 open_pos=0 total_trades=7 loop=218ms
2026-02-02 10:12:49 | INFO | __main__ | [HEARTBEAT] symbols=16 open_pos=0 total_trades=7 loop=263ms
2026-02-02 10:13:51 | INFO | __main__ | [HEARTBEAT] symbols=16 open_pos=0 total_trades=7 loop=223ms
2026-02-02 10:14:54 | INFO | __main__ | [HEARTBEAT] symbols=16 open_pos=0 total_trades=7 loop=220ms
2026-02-02 10:15:57 | INFO | __main__ | [HEARTBEAT] symbols=16 open_pos=0 total_trades=7 loop=222ms
2026-02-02 10:17:00 | INFO | __main__ | [HEARTBEAT] symbols=16 open_pos=0 total_trades=7 loop=209ms
2026-02-02 10:18:02 | INFO | __main__ | [HEARTBEAT] symbols=16 open_pos=0 total_trades=7 loop=207ms
2026-02-02 10:19:05 | INFO | __main__ | [HEARTBEAT] symbols=16 open_pos=0 total_trades=7 loop=243ms
2026-02-02 10:20:08 | INFO | __main__ | [HEARTBEAT] symbols=16 open_pos=0 total_trades=7 loop=203ms
2026-02-02 10:21:10 | INFO | __main__ | [HEARTBEAT] symbols=16 open_pos=0 total_trades=7 loop=219ms
2026-02-02 10:22:13 | INFO | __main__ | [HEARTBEAT] symbols=16 open_pos=0 total_trades=7 loop=210ms
2026-02-02 10:23:16 | INFO | __main__ | [HEARTBEAT] symbols=16 open_pos=0 total_trades=7 loop=211ms
2026-02-02 10:24:19 | INFO | __main__ | [HEARTBEAT] symbols=16 open_pos=0 total_trades=7 loop=226ms
2026-02-02 10:25:21 | INFO | __main__ | [HEARTBEAT] symbols=16 open_pos=0 total_trades=7 loop=209ms
2026-02-02 10:26:24 | INFO | __main__ | [HEARTBEAT] symbols=16 open_pos=0 total_trades=7 loop=210ms
2026-02-02 10:27:27 | INFO | __main__ | [HEARTBEAT] symbols=16 open_pos=0 total_trades=7 loop=213ms
2026-02-02 10:28:29 | INFO | __main__ | [HEARTBEAT] symbols=16 open_pos=0 total_trades=7 loop=212ms
2026-02-02 10:29:32 | INFO | __main__ | [HEARTBEAT] symbols=16 open_pos=0 total_trades=7 loop=233ms
2026-02-02 10:30:35 | INFO | __main__ | [HEARTBEAT] symbols=16 open_pos=0 total_trades=7 loop=207ms
2026-02-02 10:31:38 | INFO | __main__ | [HEARTBEAT] symbols=16 open_pos=0 total_trades=7 loop=227ms
2026-02-02 10:32:40 | INFO | __main__ | [HEARTBEAT] symbols=16 open_pos=0 total_trades=7 loop=215ms
2026-02-02 10:33:43 | INFO | __main__ | [HEARTBEAT] symbols=16 open_pos=0 total_trades=7 loop=216ms
2026-02-02 10:34:51 | INFO | __main__ | [HEARTBEAT] symbols=16 open_pos=0 total_trades=7 loop=205ms
2026-02-02 10:35:54 | INFO | __main__ | [HEARTBEAT] symbols=16 open_pos=0 total_trades=7 loop=211ms
2026-02-02 10:36:56 | INFO | __main__ | [HEARTBEAT] symbols=16 open_pos=0 total_trades=7 loop=202ms
2026-02-02 10:37:59 | INFO | __main__ | [HEARTBEAT] symbols=16 open_pos=0 total_trades=7 loop=202ms
2026-02-02 10:39:02 | INFO | __main__ | [HEARTBEAT] symbols=16 open_pos=0 total_trades=7 loop=205ms
2026-02-02 10:40:04 | INFO | __main__ | [HEARTBEAT] symbols=16 open_pos=0 total_trades=7 loop=204ms
2026-02-02 10:41:07 | INFO | __main__ | [HEARTBEAT] symbols=16 open_pos=0 total_trades=7 loop=208ms
2026-02-02 10:42:09 | INFO | __main__ | [HEARTBEAT] symbols=16 open_pos=0 total_trades=7 loop=209ms
2026-02-02 10:43:12 | INFO | __main__ | [HEARTBEAT] symbols=16 open_pos=0 total_trades=7 loop=214ms
2026-02-02 10:44:14 | INFO | __main__ | [HEARTBEAT] symbols=16 open_pos=0 total_trades=7 loop=201ms
2026-02-02 10:45:17 | INFO | __main__ | [HEARTBEAT] symbols=16 open_pos=0 total_trades=7 loop=199ms
2026-02-02 10:46:19 | INFO | __main__ | [HEARTBEAT] symbols=16 open_pos=0 total_trades=7 loop=205ms
2026-02-02 10:47:22 | INFO | __main__ | [HEARTBEAT] symbols=16 open_pos=0 total_trades=7 loop=203ms
2026-02-02 10:48:25 | INFO | __main__ | [HEARTBEAT] symbols=16 open_pos=0 total_trades=7 loop=210ms
2026-02-02 10:49:27 | INFO | __main__ | [HEARTBEAT] symbols=16 open_pos=0 total_trades=7 loop=235ms
2026-02-02 10:50:30 | INFO | __main__ | [HEARTBEAT] symbols=16 open_pos=0 total_trades=7 loop=213ms
2026-02-02 10:51:33 | INFO | __main__ | [HEARTBEAT] symbols=16 open_pos=0 total_trades=7 loop=203ms
2026-02-02 10:52:35 | INFO | __main__ | [HEARTBEAT] symbols=16 open_pos=0 total_trades=7 loop=203ms
2026-02-02 10:53:38 | INFO | __main__ | [HEARTBEAT] symbols=16 open_pos=0 total_trades=7 loop=243ms
2026-02-02 10:54:41 | INFO | __main__ | [HEARTBEAT] symbols=16 open_pos=0 total_trades=7 loop=208ms
2026-02-02 10:55:43 | INFO | __main__ | [HEARTBEAT] symbols=16 open_pos=0 total_trades=7 loop=204ms
2026-02-02 10:56:46 | INFO | __main__ | [HEARTBEAT] symbols=16 open_pos=0 total_trades=7 loop=206ms
2026-02-02 10:57:49 | INFO | __main__ | [HEARTBEAT] symbols=16 open_pos=0 total_trades=7 loop=219ms
2026-02-02 10:58:51 | INFO | __main__ | [HEARTBEAT] symbols=16 open_pos=0 total_trades=7 loop=207ms
2026-02-02 10:59:54 | INFO | __main__ | [HEARTBEAT] symbols=16 open_pos=0 total_trades=7 loop=225ms
2026-02-02 11:00:56 | INFO | __main__ | [HEARTBEAT] symbols=16 open_pos=0 total_trades=7 loop=204ms
2026-02-02 11:01:59 | INFO | __main__ | [HEARTBEAT] symbols=16 open_pos=0 total_trades=7 loop=218ms
2026-02-02 11:03:02 | INFO | __main__ | [HEARTBEAT] symbols=16 open_pos=0 total_trades=7 loop=206ms
2026-02-02 11:04:04 | INFO | __main__ | [HEARTBEAT] symbols=16 open_pos=0 total_trades=7 loop=202ms
2026-02-02 11:05:08 | INFO | __main__ | [HEARTBEAT] symbols=16 open_pos=0 total_trades=7 loop=284ms
2026-02-02 11:06:11 | INFO | __main__ | [HEARTBEAT] symbols=16 open_pos=0 total_trades=7 loop=280ms
2026-02-02 11:07:14 | INFO | __main__ | [HEARTBEAT] symbols=16 open_pos=0 total_trades=7 loop=286ms
2026-02-02 11:08:18 | INFO | __main__ | [HEARTBEAT] symbols=16 open_pos=0 total_trades=7 loop=283ms
2026-02-02 11:09:21 | INFO | __main__ | [HEARTBEAT] symbols=16 open_pos=0 total_trades=7 loop=284ms
2026-02-02 11:10:25 | INFO | __main__ | [HEARTBEAT] symbols=16 open_pos=0 total_trades=7 loop=240ms
2026-02-02 11:11:28 | INFO | __main__ | [HEARTBEAT] symbols=16 open_pos=0 total_trades=7 loop=287ms
2026-02-02 11:12:31 | INFO | __main__ | [HEARTBEAT] symbols=16 open_pos=0 total_trades=7 loop=285ms
2026-02-02 11:13:35 | INFO | __main__ | [HEARTBEAT] symbols=16 open_pos=0 total_trades=7 loop=285ms
2026-02-02 11:14:38 | INFO | __main__ | [HEARTBEAT] symbols=16 open_pos=0 total_trades=7 loop=278ms
2026-02-02 11:15:42 | INFO | __main__ | [HEARTBEAT] symbols=16 open_pos=0 total_trades=7 loop=271ms
2026-02-02 11:16:45 | INFO | __main__ | [HEARTBEAT] symbols=16 open_pos=0 total_trades=7 loop=290ms
2026-02-02 11:17:49 | INFO | __main__ | [HEARTBEAT] symbols=16 open_pos=0 total_trades=7 loop=286ms
2026-02-02 11:18:52 | INFO | __main__ | [HEARTBEAT] symbols=16 open_pos=0 total_trades=7 loop=286ms
2026-02-02 11:19:56 | INFO | __main__ | [HEARTBEAT] symbols=16 open_pos=0 total_trades=7 loop=258ms
2026-02-02 11:20:58 | INFO | __main__ | [HEARTBEAT] symbols=16 open_pos=0 total_trades=7 loop=206ms
2026-02-02 11:22:01 | INFO | __main__ | [HEARTBEAT] symbols=16 open_pos=0 total_trades=7 loop=209ms
2026-02-02 11:23:04 | INFO | __main__ | [HEARTBEAT] symbols=16 open_pos=0 total_trades=7 loop=207ms
2026-02-02 11:24:06 | INFO | __main__ | [HEARTBEAT] symbols=16 open_pos=0 total_trades=7 loop=206ms
2026-02-02 11:25:09 | INFO | __main__ | [HEARTBEAT] symbols=16 open_pos=0 total_trades=7 loop=202ms
2026-02-02 11:26:11 | INFO | __main__ | [HEARTBEAT] symbols=16 open_pos=0 total_trades=7 loop=205ms
2026-02-02 11:27:14 | INFO | __main__ | [HEARTBEAT] symbols=16 open_pos=0 total_trades=7 loop=214ms
2026-02-02 11:28:17 | INFO | __main__ | [HEARTBEAT] symbols=16 open_pos=0 total_trades=7 loop=229ms
2026-02-02 11:29:19 | INFO | __main__ | [HEARTBEAT] symbols=16 open_pos=0 total_trades=7 loop=221ms
2026-02-02 11:30:22 | INFO | __main__ | [HEARTBEAT] symbols=16 open_pos=0 total_trades=7 loop=207ms
2026-02-02 11:30:59 | INFO | strategy | SIGNAL GBPCAD BUY @ 1.86664 SL 1.86314 TP 1.87193 (35.0p, RR_struct=3.46, RR_entry=1.51) [Trend: BULLISH_H4]
2026-02-02 11:30:59 | INFO | risk_manager | Calculated position size for GBPCAD: 0.02 lots
2026-02-02 11:30:59 | INFO | mt5_client | Order placed successfully: 1477004834
2026-02-02 11:30:59 | INFO | __main__ | EXECUTED GBPCAD BUY @1.86671 vol=0.02 order=1477004834 deal=1339943046 pos=1477004834
2026-02-02 11:31:25 | INFO | __main__ | [HEARTBEAT] symbols=16 open_pos=1 total_trades=8 loop=203ms
2026-02-02 11:32:28 | INFO | __main__ | [HEARTBEAT] symbols=16 open_pos=1 total_trades=8 loop=224ms
2026-02-02 11:33:30 | INFO | __main__ | [HEARTBEAT] symbols=16 open_pos=1 total_trades=8 loop=203ms
2026-02-02 11:34:33 | INFO | __main__ | [HEARTBEAT] symbols=16 open_pos=1 total_trades=8 loop=216ms
2026-02-02 11:35:36 | INFO | __main__ | [HEARTBEAT] symbols=16 open_pos=1 total_trades=8 loop=216ms
2026-02-02 11:36:38 | INFO | __main__ | [HEARTBEAT] symbols=16 open_pos=1 total_trades=8 loop=197ms
2026-02-02 11:37:41 | INFO | __main__ | [HEARTBEAT] symbols=16 open_pos=1 total_trades=8 loop=220ms
2026-02-02 11:38:43 | INFO | __main__ | [HEARTBEAT] symbols=16 open_pos=1 total_trades=8 loop=199ms
2026-02-02 11:39:46 | INFO | __main__ | [HEARTBEAT] symbols=16 open_pos=1 total_trades=8 loop=212ms
2026-02-02 11:40:49 | INFO | __main__ | [HEARTBEAT] symbols=16 open_pos=1 total_trades=8 loop=199ms
2026-02-02 11:41:52 | INFO | __main__ | [HEARTBEAT] symbols=16 open_pos=1 total_trades=8 loop=206ms
2026-02-02 11:42:54 | INFO | __main__ | [HEARTBEAT] symbols=16 open_pos=1 total_trades=8 loop=206ms
2026-02-02 11:43:57 | INFO | __main__ | [HEARTBEAT] symbols=16 open_pos=1 total_trades=8 loop=210ms
2026-02-02 11:45:00 | INFO | __main__ | [HEARTBEAT] symbols=16 open_pos=1 total_trades=8 loop=203ms
2026-02-02 11:46:02 | INFO | __main__ | [HEARTBEAT] symbols=16 open_pos=1 total_trades=8 loop=202ms
2026-02-02 11:47:05 | INFO | __main__ | [HEARTBEAT] symbols=16 open_pos=1 total_trades=8 loop=201ms
2026-02-02 11:48:07 | INFO | __main__ | [HEARTBEAT] symbols=16 open_pos=1 total_trades=8 loop=238ms
2026-02-02 11:49:10 | INFO | __main__ | [HEARTBEAT] symbols=16 open_pos=1 total_trades=8 loop=219ms
2026-02-02 11:50:12 | INFO | __main__ | [HEARTBEAT] symbols=16 open_pos=1 total_trades=8 loop=227ms
2026-02-02 11:51:15 | INFO | __main__ | [HEARTBEAT] symbols=16 open_pos=1 total_trades=8 loop=206ms
2026-02-02 11:52:18 | INFO | __main__ | [HEARTBEAT] symbols=16 open_pos=1 total_trades=8 loop=196ms
2026-02-02 11:53:20 | INFO | __main__ | [HEARTBEAT] symbols=16 open_pos=1 total_trades=8 loop=241ms
2026-02-02 11:54:23 | INFO | __main__ | [HEARTBEAT] symbols=16 open_pos=1 total_trades=8 loop=259ms
2026-02-02 11:55:26 | INFO | __main__ | [HEARTBEAT] symbols=16 open_pos=1 total_trades=8 loop=199ms
2026-02-02 11:56:28 | INFO | __main__ | [HEARTBEAT] symbols=16 open_pos=1 total_trades=8 loop=197ms
2026-02-02 11:57:31 | INFO | __main__ | [HEARTBEAT] symbols=16 open_pos=1 total_trades=8 loop=207ms
2026-02-02 11:58:33 | INFO | __main__ | [HEARTBEAT] symbols=16 open_pos=1 total_trades=8 loop=219ms
2026-02-02 11:59:36 | INFO | __main__ | [HEARTBEAT] symbols=16 open_pos=1 total_trades=8 loop=197ms
2026-02-02 12:00:39 | INFO | __main__ | [HEARTBEAT] symbols=16 open_pos=1 total_trades=8 loop=204ms
2026-02-02 12:01:41 | INFO | __main__ | [HEARTBEAT] symbols=16 open_pos=1 total_trades=8 loop=201ms
2026-02-02 12:02:44 | INFO | __main__ | [HEARTBEAT] symbols=16 open_pos=1 total_trades=8 loop=202ms
2026-02-02 12:03:47 | INFO | __main__ | [HEARTBEAT] symbols=16 open_pos=1 total_trades=8 loop=207ms
2026-02-02 12:04:49 | INFO | __main__ | [HEARTBEAT] symbols=16 open_pos=1 total_trades=8 loop=218ms
2026-02-02 12:05:52 | INFO | __main__ | [HEARTBEAT] symbols=16 open_pos=1 total_trades=8 loop=196ms
2026-02-02 12:06:55 | INFO | __main__ | [HEARTBEAT] symbols=16 open_pos=1 total_trades=8 loop=215ms
2026-02-02 12:07:57 | INFO | __main__ | [HEARTBEAT] symbols=16 open_pos=1 total_trades=8 loop=242ms
2026-02-02 12:09:00 | INFO | __main__ | [HEARTBEAT] symbols=16 open_pos=1 total_trades=8 loop=207ms
2026-02-02 12:10:03 | INFO | __main__ | [HEARTBEAT] symbols=16 open_pos=1 total_trades=8 loop=223ms
2026-02-02 12:11:05 | INFO | __main__ | [HEARTBEAT] symbols=16 open_pos=1 total_trades=8 loop=201ms
2026-02-02 12:12:08 | INFO | __main__ | [HEARTBEAT] symbols=16 open_pos=1 total_trades=8 loop=223ms
2026-02-02 12:13:11 | INFO | __main__ | [HEARTBEAT] symbols=16 open_pos=1 total_trades=8 loop=208ms
2026-02-02 12:14:13 | INFO | __main__ | [HEARTBEAT] symbols=16 open_pos=1 total_trades=8 loop=202ms
2026-02-02 12:15:16 | INFO | __main__ | [HEARTBEAT] symbols=16 open_pos=1 total_trades=8 loop=203ms
2026-02-02 12:16:18 | INFO | __main__ | [HEARTBEAT] symbols=16 open_pos=1 total_trades=8 loop=200ms
2026-02-02 12:17:21 | INFO | __main__ | [HEARTBEAT] symbols=16 open_pos=1 total_trades=8 loop=226ms
2026-02-02 12:18:23 | INFO | __main__ | [HEARTBEAT] symbols=16 open_pos=1 total_trades=8 loop=203ms
2026-02-02 12:19:26 | INFO | __main__ | [HEARTBEAT] symbols=16 open_pos=1 total_trades=8 loop=206ms
2026-02-02 12:20:28 | INFO | __main__ | [HEARTBEAT] symbols=16 open_pos=1 total_trades=8 loop=209ms
2026-02-02 12:21:31 | INFO | __main__ | [HEARTBEAT] symbols=16 open_pos=1 total_trades=8 loop=199ms
2026-02-02 12:22:34 | INFO | __main__ | [HEARTBEAT] symbols=16 open_pos=1 total_trades=8 loop=201ms
2026-02-02 12:23:36 | INFO | __main__ | [HEARTBEAT] symbols=16 open_pos=1 total_trades=8 loop=197ms
2026-02-02 12:24:39 | INFO | __main__ | [HEARTBEAT] symbols=16 open_pos=1 total_trades=8 loop=198ms
2026-02-02 12:25:41 | INFO | __main__ | [HEARTBEAT] symbols=16 open_pos=1 total_trades=8 loop=198ms
2026-02-02 12:26:44 | INFO | __main__ | [HEARTBEAT] symbols=16 open_pos=1 total_trades=8 loop=199ms
2026-02-02 12:27:46 | INFO | __main__ | [HEARTBEAT] symbols=16 open_pos=1 total_trades=8 loop=205ms
2026-02-02 12:28:49 | INFO | __main__ | [HEARTBEAT] symbols=16 open_pos=1 total_trades=8 loop=203ms
2026-02-02 12:29:52 | INFO | __main__ | [HEARTBEAT] symbols=16 open_pos=1 total_trades=8 loop=200ms
2026-02-02 12:30:54 | INFO | __main__ | [HEARTBEAT] symbols=16 open_pos=1 total_trades=8 loop=235ms
2026-02-02 12:31:57 | INFO | __main__ | [HEARTBEAT] symbols=16 open_pos=1 total_trades=8 loop=199ms
2026-02-02 12:33:00 | INFO | __main__ | [HEARTBEAT] symbols=16 open_pos=1 total_trades=8 loop=211ms
2026-02-02 12:34:02 | INFO | __main__ | [HEARTBEAT] symbols=16 open_pos=1 total_trades=8 loop=209ms
2026-02-02 12:35:05 | INFO | __main__ | [HEARTBEAT] symbols=16 open_pos=1 total_trades=8 loop=205ms
2026-02-02 12:36:07 | INFO | __main__ | [HEARTBEAT] symbols=16 open_pos=1 total_trades=8 loop=203ms
2026-02-02 12:37:10 | INFO | __main__ | [HEARTBEAT] symbols=16 open_pos=1 total_trades=8 loop=218ms
2026-02-02 12:38:13 | INFO | __main__ | [HEARTBEAT] symbols=16 open_pos=1 total_trades=8 loop=231ms
2026-02-02 12:39:15 | INFO | __main__ | [HEARTBEAT] symbols=16 open_pos=1 total_trades=8 loop=200ms
2026-02-02 12:40:18 | INFO | __main__ | [HEARTBEAT] symbols=16 open_pos=1 total_trades=8 loop=203ms
2026-02-02 12:41:21 | INFO | __main__ | [HEARTBEAT] symbols=16 open_pos=1 total_trades=8 loop=201ms
2026-02-02 12:42:23 | INFO | __main__ | [HEARTBEAT] symbols=16 open_pos=1 total_trades=8 loop=206ms
2026-02-02 12:43:26 | INFO | __main__ | [HEARTBEAT] symbols=16 open_pos=1 total_trades=8 loop=215ms
2026-02-02 12:44:28 | INFO | __main__ | [HEARTBEAT] symbols=16 open_pos=1 total_trades=8 loop=203ms
2026-02-02 12:45:31 | INFO | __main__ | [HEARTBEAT] symbols=16 open_pos=1 total_trades=8 loop=217ms
2026-02-02 12:46:34 | INFO | __main__ | [HEARTBEAT] symbols=16 open_pos=1 total_trades=8 loop=202ms
2026-02-02 12:47:36 | INFO | __main__ | [HEARTBEAT] symbols=16 open_pos=1 total_trades=8 loop=216ms
2026-02-02 12:48:39 | INFO | __main__ | [HEARTBEAT] symbols=16 open_pos=1 total_trades=8 loop=253ms
2026-02-02 12:49:42 | INFO | __main__ | [HEARTBEAT] symbols=16 open_pos=1 total_trades=8 loop=202ms
2026-02-02 12:50:44 | INFO | __main__ | [HEARTBEAT] symbols=16 open_pos=1 total_trades=8 loop=200ms
2026-02-02 12:51:47 | INFO | __main__ | [HEARTBEAT] symbols=16 open_pos=1 total_trades=8 loop=205ms
2026-02-02 12:52:49 | INFO | __main__ | [HEARTBEAT] symbols=16 open_pos=1 total_trades=8 loop=201ms
2026-02-02 12:53:52 | INFO | __main__ | [HEARTBEAT] symbols=16 open_pos=1 total_trades=8 loop=212ms
2026-02-02 12:54:54 | INFO | __main__ | [HEARTBEAT] symbols=16 open_pos=1 total_trades=8 loop=214ms
2026-02-02 12:55:57 | INFO | __main__ | [HEARTBEAT] symbols=16 open_pos=1 total_trades=8 loop=199ms
2026-02-02 12:56:59 | INFO | __main__ | [HEARTBEAT] symbols=16 open_pos=1 total_trades=8 loop=208ms
2026-02-02 12:58:02 | INFO | __main__ | [HEARTBEAT] symbols=16 open_pos=1 total_trades=8 loop=199ms
2026-02-02 12:59:05 | INFO | __main__ | [HEARTBEAT] symbols=16 open_pos=1 total_trades=8 loop=197ms
2026-02-02 13:00:07 | INFO | __main__ | [HEARTBEAT] symbols=16 open_pos=1 total_trades=8 loop=232ms
2026-02-02 13:01:10 | INFO | __main__ | [HEARTBEAT] symbols=16 open_pos=1 total_trades=8 loop=201ms
2026-02-02 13:02:12 | INFO | __main__ | [HEARTBEAT] symbols=16 open_pos=1 total_trades=8 loop=226ms
2026-02-02 13:03:15 | INFO | __main__ | [HEARTBEAT] symbols=16 open_pos=1 total_trades=8 loop=203ms
2026-02-02 13:04:17 | INFO | __main__ | [HEARTBEAT] symbols=16 open_pos=1 total_trades=8 loop=217ms
2026-02-02 13:05:20 | INFO | __main__ | [HEARTBEAT] symbols=16 open_pos=1 total_trades=8 loop=199ms
2026-02-02 13:06:23 | INFO | __main__ | [HEARTBEAT] symbols=16 open_pos=1 total_trades=8 loop=243ms
2026-02-02 13:07:25 | INFO | __main__ | [HEARTBEAT] symbols=16 open_pos=1 total_trades=8 loop=196ms
2026-02-02 13:08:28 | INFO | __main__ | [HEARTBEAT] symbols=16 open_pos=1 total_trades=8 loop=196ms
2026-02-02 13:09:30 | INFO | __main__ | [HEARTBEAT] symbols=16 open_pos=1 total_trades=8 loop=223ms
2026-02-02 13:10:33 | INFO | __main__ | [HEARTBEAT] symbols=16 open_pos=1 total_trades=8 loop=206ms
2026-02-02 13:11:35 | INFO | __main__ | [HEARTBEAT] symbols=16 open_pos=1 total_trades=8 loop=217ms
2026-02-02 13:12:38 | INFO | __main__ | [HEARTBEAT] symbols=16 open_pos=1 total_trades=8 loop=215ms
2026-02-02 13:13:41 | INFO | __main__ | [HEARTBEAT] symbols=16 open_pos=1 total_trades=8 loop=197ms
2026-02-02 13:14:43 | INFO | __main__ | [HEARTBEAT] symbols=16 open_pos=1 total_trades=8 loop=214ms
2026-02-02 13:15:46 | INFO | __main__ | [HEARTBEAT] symbols=16 open_pos=1 total_trades=8 loop=204ms
2026-02-02 13:16:48 | INFO | __main__ | [HEARTBEAT] symbols=16 open_pos=1 total_trades=8 loop=196ms
2026-02-02 13:17:51 | INFO | __main__ | [HEARTBEAT] symbols=16 open_pos=1 total_trades=8 loop=206ms
2026-02-02 13:18:53 | INFO | __main__ | [HEARTBEAT] symbols=16 open_pos=1 total_trades=8 loop=200ms
2026-02-02 13:19:56 | INFO | __main__ | [HEARTBEAT] symbols=16 open_pos=1 total_trades=8 loop=201ms
2026-02-02 13:20:58 | INFO | __main__ | [HEARTBEAT] symbols=16 open_pos=1 total_trades=8 loop=224ms
2026-02-02 13:22:01 | INFO | __main__ | [HEARTBEAT] symbols=16 open_pos=1 total_trades=8 loop=207ms
2026-02-02 13:23:04 | INFO | __main__ | [HEARTBEAT] symbols=16 open_pos=1 total_trades=8 loop=198ms
2026-02-02 13:24:06 | INFO | __main__ | [HEARTBEAT] symbols=16 open_pos=1 total_trades=8 loop=210ms
2026-02-02 13:25:09 | INFO | __main__ | [HEARTBEAT] symbols=16 open_pos=1 total_trades=8 loop=201ms
2026-02-02 13:26:11 | INFO | __main__ | [HEARTBEAT] symbols=16 open_pos=1 total_trades=8 loop=221ms
2026-02-02 13:27:14 | INFO | __main__ | [HEARTBEAT] symbols=16 open_pos=1 total_trades=8 loop=195ms
2026-02-02 13:28:17 | INFO | __main__ | [HEARTBEAT] symbols=16 open_pos=1 total_trades=8 loop=205ms
2026-02-02 13:29:19 | INFO | __main__ | [HEARTBEAT] symbols=16 open_pos=1 total_trades=8 loop=201ms
2026-02-02 13:30:22 | INFO | __main__ | [HEARTBEAT] symbols=16 open_pos=1 total_trades=8 loop=229ms
2026-02-02 13:31:24 | INFO | __main__ | [HEARTBEAT] symbols=16 open_pos=1 total_trades=8 loop=205ms
2026-02-02 13:32:27 | INFO | __main__ | [HEARTBEAT] symbols=16 open_pos=1 total_trades=8 loop=198ms
2026-02-02 13:33:29 | INFO | __main__ | [HEARTBEAT] symbols=16 open_pos=1 total_trades=8 loop=202ms
2026-02-02 13:34:32 | INFO | __main__ | [HEARTBEAT] symbols=16 open_pos=1 total_trades=8 loop=196ms
2026-02-02 13:35:34 | INFO | __main__ | [HEARTBEAT] symbols=16 open_pos=1 total_trades=8 loop=202ms
2026-02-02 13:36:37 | INFO | __main__ | [HEARTBEAT] symbols=16 open_pos=1 total_trades=8 loop=191ms
2026-02-02 13:37:39 | INFO | __main__ | [HEARTBEAT] symbols=16 open_pos=1 total_trades=8 loop=195ms
2026-02-02 13:38:42 | INFO | __main__ | [HEARTBEAT] symbols=16 open_pos=1 total_trades=8 loop=199ms
2026-02-02 13:39:45 | INFO | __main__ | [HEARTBEAT] symbols=16 open_pos=1 total_trades=8 loop=195ms
2026-02-02 13:40:47 | INFO | __main__ | [HEARTBEAT] symbols=16 open_pos=1 total_trades=8 loop=221ms
2026-02-02 13:41:50 | INFO | __main__ | [HEARTBEAT] symbols=16 open_pos=1 total_trades=8 loop=211ms
2026-02-02 13:42:52 | INFO | __main__ | [HEARTBEAT] symbols=16 open_pos=1 total_trades=8 loop=226ms
2026-02-02 13:43:55 | INFO | __main__ | [HEARTBEAT] symbols=16 open_pos=1 total_trades=8 loop=202ms
2026-02-02 13:44:58 | INFO | __main__ | [HEARTBEAT] symbols=16 open_pos=1 total_trades=8 loop=196ms
2026-02-02 13:46:00 | INFO | __main__ | [HEARTBEAT] symbols=16 open_pos=1 total_trades=8 loop=201ms
2026-02-02 13:47:03 | INFO | __main__ | [HEARTBEAT] symbols=16 open_pos=1 total_trades=8 loop=200ms
2026-02-02 13:48:05 | INFO | __main__ | [HEARTBEAT] symbols=16 open_pos=1 total_trades=8 loop=219ms
2026-02-02 13:49:08 | INFO | __main__ | [HEARTBEAT] symbols=16 open_pos=1 total_trades=8 loop=195ms
2026-02-02 13:50:10 | INFO | __main__ | [HEARTBEAT] symbols=16 open_pos=1 total_trades=8 loop=198ms
2026-02-02 13:51:13 | INFO | __main__ | [HEARTBEAT] symbols=16 open_pos=1 total_trades=8 loop=201ms
2026-02-02 13:52:15 | INFO | __main__ | [HEARTBEAT] symbols=16 open_pos=1 total_trades=8 loop=200ms
2026-02-02 13:53:18 | INFO | __main__ | [HEARTBEAT] symbols=16 open_pos=1 total_trades=8 loop=198ms
2026-02-02 13:54:21 | INFO | __main__ | [HEARTBEAT] symbols=16 open_pos=1 total_trades=8 loop=197ms
2026-02-02 13:55:23 | INFO | __main__ | [HEARTBEAT] symbols=16 open_pos=1 total_trades=8 loop=196ms
2026-02-02 13:56:26 | INFO | __main__ | [HEARTBEAT] symbols=16 open_pos=1 total_trades=8 loop=243ms
2026-02-02 13:57:28 | INFO | __main__ | [HEARTBEAT] symbols=16 open_pos=1 total_trades=8 loop=192ms
2026-02-02 13:58:31 | INFO | __main__ | [HEARTBEAT] symbols=16 open_pos=1 total_trades=8 loop=227ms
2026-02-02 13:59:33 | INFO | __main__ | [HEARTBEAT] symbols=16 open_pos=1 total_trades=8 loop=203ms
2026-02-02 14:00:36 | INFO | __main__ | [HEARTBEAT] symbols=16 open_pos=1 total_trades=8 loop=202ms
2026-02-02 14:01:38 | INFO | __main__ | [HEARTBEAT] symbols=16 open_pos=1 total_trades=8 loop=200ms
2026-02-02 14:02:41 | INFO | __main__ | [HEARTBEAT] symbols=16 open_pos=1 total_trades=8 loop=200ms
2026-02-02 14:03:44 | INFO | __main__ | [HEARTBEAT] symbols=16 open_pos=1 total_trades=8 loop=200ms
2026-02-02 14:04:46 | INFO | __main__ | [HEARTBEAT] symbols=16 open_pos=1 total_trades=8 loop=205ms
2026-02-02 14:05:49 | INFO | __main__ | [HEARTBEAT] symbols=16 open_pos=1 total_trades=8 loop=219ms
2026-02-02 14:06:51 | INFO | __main__ | [HEARTBEAT] symbols=16 open_pos=1 total_trades=8 loop=209ms
2026-02-02 14:07:54 | INFO | __main__ | [HEARTBEAT] symbols=16 open_pos=1 total_trades=8 loop=219ms
2026-02-02 14:08:57 | INFO | __main__ | [HEARTBEAT] symbols=16 open_pos=1 total_trades=8 loop=198ms
2026-02-02 14:09:59 | INFO | __main__ | [HEARTBEAT] symbols=16 open_pos=1 total_trades=8 loop=249ms
2026-02-02 14:11:02 | INFO | __main__ | [HEARTBEAT] symbols=16 open_pos=1 total_trades=8 loop=236ms
2026-02-02 14:12:05 | INFO | __main__ | [HEARTBEAT] symbols=16 open_pos=1 total_trades=8 loop=195ms
2026-02-02 14:13:07 | INFO | __main__ | [HEARTBEAT] symbols=16 open_pos=1 total_trades=8 loop=201ms
2026-02-02 14:14:10 | INFO | __main__ | [HEARTBEAT] symbols=16 open_pos=1 total_trades=8 loop=204ms
2026-02-02 14:15:12 | INFO | __main__ | [HEARTBEAT] symbols=16 open_pos=1 total_trades=8 loop=207ms
2026-02-02 14:16:15 | INFO | __main__ | [HEARTBEAT] symbols=16 open_pos=1 total_trades=8 loop=192ms
2026-02-02 14:17:18 | INFO | __main__ | [HEARTBEAT] symbols=16 open_pos=1 total_trades=8 loop=220ms
2026-02-02 14:18:20 | INFO | __main__ | [HEARTBEAT] symbols=16 open_pos=1 total_trades=8 loop=227ms
2026-02-02 14:19:23 | INFO | __main__ | [HEARTBEAT] symbols=16 open_pos=1 total_trades=8 loop=201ms
2026-02-02 14:20:26 | INFO | __main__ | [HEARTBEAT] symbols=16 open_pos=1 total_trades=8 loop=198ms
2026-02-02 14:21:28 | INFO | __main__ | [HEARTBEAT] symbols=16 open_pos=1 total_trades=8 loop=197ms
2026-02-02 14:22:31 | INFO | __main__ | [HEARTBEAT] symbols=16 open_pos=1 total_trades=8 loop=205ms
2026-02-02 14:23:33 | INFO | __main__ | [HEARTBEAT] symbols=16 open_pos=1 total_trades=8 loop=207ms
2026-02-02 14:24:36 | INFO | __main__ | [HEARTBEAT] symbols=16 open_pos=1 total_trades=8 loop=206ms
2026-02-02 14:25:39 | INFO | __main__ | [HEARTBEAT] symbols=16 open_pos=1 total_trades=8 loop=209ms
2026-02-02 14:26:41 | INFO | __main__ | [HEARTBEAT] symbols=16 open_pos=1 total_trades=8 loop=231ms
2026-02-02 14:27:44 | INFO | __main__ | [HEARTBEAT] symbols=16 open_pos=1 total_trades=8 loop=196ms
2026-02-02 14:28:46 | INFO | __main__ | [HEARTBEAT] symbols=16 open_pos=1 total_trades=8 loop=200ms
2026-02-02 14:29:49 | INFO | __main__ | [HEARTBEAT] symbols=16 open_pos=1 total_trades=8 loop=248ms
2026-02-02 14:30:52 | INFO | __main__ | [HEARTBEAT] symbols=16 open_pos=1 total_trades=8 loop=253ms
2026-02-02 14:31:54 | INFO | __main__ | [HEARTBEAT] symbols=16 open_pos=1 total_trades=8 loop=205ms
2026-02-02 14:32:57 | INFO | __main__ | [HEARTBEAT] symbols=16 open_pos=1 total_trades=8 loop=201ms
2026-02-02 14:34:00 | INFO | __main__ | [HEARTBEAT] symbols=16 open_pos=1 total_trades=8 loop=210ms
2026-02-02 14:35:02 | INFO | __main__ | [HEARTBEAT] symbols=16 open_pos=1 total_trades=8 loop=201ms
2026-02-02 14:36:05 | INFO | __main__ | [HEARTBEAT] symbols=16 open_pos=1 total_trades=8 loop=199ms
2026-02-02 14:37:07 | INFO | __main__ | [HEARTBEAT] symbols=16 open_pos=1 total_trades=8 loop=227ms
2026-02-02 14:38:10 | INFO | __main__ | [HEARTBEAT] symbols=16 open_pos=1 total_trades=8 loop=206ms
2026-02-02 14:39:12 | INFO | __main__ | [HEARTBEAT] symbols=16 open_pos=1 total_trades=8 loop=206ms
2026-02-02 14:40:15 | INFO | __main__ | [HEARTBEAT] symbols=16 open_pos=1 total_trades=8 loop=201ms
2026-02-02 14:41:18 | INFO | __main__ | [HEARTBEAT] symbols=16 open_pos=1 total_trades=8 loop=238ms
2026-02-02 14:42:20 | INFO | __main__ | [HEARTBEAT] symbols=16 open_pos=1 total_trades=8 loop=211ms
2026-02-02 14:43:23 | INFO | __main__ | [HEARTBEAT] symbols=16 open_pos=1 total_trades=8 loop=234ms
2026-02-02 14:44:26 | INFO | __main__ | [HEARTBEAT] symbols=16 open_pos=1 total_trades=8 loop=196ms
2026-02-02 14:45:28 | INFO | __main__ | [HEARTBEAT] symbols=16 open_pos=1 total_trades=8 loop=196ms
2026-02-02 14:46:31 | INFO | __main__ | [HEARTBEAT] symbols=16 open_pos=1 total_trades=8 loop=218ms
2026-02-02 14:47:33 | INFO | __main__ | [HEARTBEAT] symbols=16 open_pos=1 total_trades=8 loop=217ms
2026-02-02 14:48:36 | INFO | __main__ | [HEARTBEAT] symbols=16 open_pos=1 total_trades=8 loop=196ms
2026-02-02 14:49:39 | INFO | __main__ | [HEARTBEAT] symbols=16 open_pos=1 total_trades=8 loop=202ms
2026-02-02 14:50:41 | INFO | __main__ | [HEARTBEAT] symbols=16 open_pos=1 total_trades=8 loop=207ms
2026-02-02 14:51:44 | INFO | __main__ | [HEARTBEAT] symbols=16 open_pos=1 total_trades=8 loop=206ms
2026-02-02 14:52:46 | INFO | __main__ | [HEARTBEAT] symbols=16 open_pos=1 total_trades=8 loop=207ms
2026-02-02 14:53:49 | INFO | __main__ | [HEARTBEAT] symbols=16 open_pos=1 total_trades=8 loop=200ms
2026-02-02 14:54:52 | INFO | __main__ | [HEARTBEAT] symbols=16 open_pos=1 total_trades=8 loop=199ms
2026-02-02 14:55:54 | INFO | __main__ | [HEARTBEAT] symbols=16 open_pos=1 total_trades=8 loop=208ms
2026-02-02 14:56:57 | INFO | __main__ | [HEARTBEAT] symbols=16 open_pos=1 total_trades=8 loop=202ms
2026-02-02 14:57:59 | INFO | __main__ | [HEARTBEAT] symbols=16 open_pos=1 total_trades=8 loop=199ms
2026-02-02 14:59:02 | INFO | __main__ | [HEARTBEAT] symbols=16 open_pos=1 total_trades=8 loop=228ms
2026-02-02 15:00:05 | INFO | __main__ | [HEARTBEAT] symbols=16 open_pos=1 total_trades=8 loop=197ms
2026-02-02 15:01:07 | INFO | __main__ | [HEARTBEAT] symbols=16 open_pos=1 total_trades=8 loop=228ms
2026-02-02 15:02:10 | INFO | __main__ | [HEARTBEAT] symbols=16 open_pos=1 total_trades=8 loop=211ms
2026-02-02 15:03:12 | INFO | __main__ | [HEARTBEAT] symbols=16 open_pos=1 total_trades=8 loop=198ms
2026-02-02 15:04:15 | INFO | __main__ | [HEARTBEAT] symbols=16 open_pos=1 total_trades=8 loop=197ms
2026-02-02 15:05:17 | INFO | __main__ | [HEARTBEAT] symbols=16 open_pos=1 total_trades=8 loop=196ms
2026-02-02 15:06:20 | INFO | __main__ | [HEARTBEAT] symbols=16 open_pos=1 total_trades=8 loop=194ms
2026-02-02 15:07:22 | INFO | __main__ | [HEARTBEAT] symbols=16 open_pos=1 total_trades=8 loop=196ms
2026-02-02 15:08:25 | INFO | __main__ | [HEARTBEAT] symbols=16 open_pos=1 total_trades=8 loop=204ms
2026-02-02 15:09:28 | INFO | __main__ | [HEARTBEAT] symbols=16 open_pos=1 total_trades=8 loop=201ms
2026-02-02 15:10:30 | INFO | __main__ | [HEARTBEAT] symbols=16 open_pos=1 total_trades=8 loop=218ms
2026-02-02 15:11:33 | INFO | __main__ | [HEARTBEAT] symbols=16 open_pos=1 total_trades=8 loop=202ms
2026-02-02 15:12:35 | INFO | __main__ | [HEARTBEAT] symbols=16 open_pos=1 total_trades=8 loop=206ms
2026-02-02 15:13:38 | INFO | __main__ | [HEARTBEAT] symbols=16 open_pos=1 total_trades=8 loop=198ms
2026-02-02 15:14:40 | INFO | __main__ | [HEARTBEAT] symbols=16 open_pos=1 total_trades=8 loop=200ms
2026-02-02 15:15:43 | INFO | __main__ | [HEARTBEAT] symbols=16 open_pos=1 total_trades=8 loop=212ms
2026-02-02 15:16:46 | INFO | __main__ | [HEARTBEAT] symbols=16 open_pos=1 total_trades=8 loop=220ms
2026-02-02 15:17:48 | INFO | __main__ | [HEARTBEAT] symbols=16 open_pos=1 total_trades=8 loop=211ms
2026-02-02 15:18:51 | INFO | __main__ | [HEARTBEAT] symbols=16 open_pos=1 total_trades=8 loop=197ms
2026-02-02 15:19:53 | INFO | __main__ | [HEARTBEAT] symbols=16 open_pos=1 total_trades=8 loop=211ms
2026-02-02 15:20:56 | INFO | __main__ | [HEARTBEAT] symbols=16 open_pos=1 total_trades=8 loop=201ms
2026-02-02 15:21:59 | INFO | __main__ | [HEARTBEAT] symbols=16 open_pos=1 total_trades=8 loop=201ms
2026-02-02 15:23:02 | INFO | __main__ | [HEARTBEAT] symbols=16 open_pos=1 total_trades=8 loop=197ms
2026-02-02 15:24:05 | INFO | __main__ | [HEARTBEAT] symbols=16 open_pos=1 total_trades=8 loop=200ms
2026-02-02 15:25:07 | INFO | __main__ | [HEARTBEAT] symbols=16 open_pos=1 total_trades=8 loop=234ms
2026-02-02 15:26:10 | INFO | __main__ | [HEARTBEAT] symbols=16 open_pos=1 total_trades=8 loop=199ms
2026-02-02 15:27:12 | INFO | __main__ | [HEARTBEAT] symbols=16 open_pos=1 total_trades=8 loop=209ms
2026-02-02 15:28:15 | INFO | __main__ | [HEARTBEAT] symbols=16 open_pos=1 total_trades=8 loop=197ms
2026-02-02 15:29:17 | INFO | __main__ | [HEARTBEAT] symbols=16 open_pos=1 total_trades=8 loop=199ms
2026-02-02 15:30:20 | INFO | __main__ | [HEARTBEAT] symbols=16 open_pos=1 total_trades=8 loop=193ms
2026-02-02 15:31:22 | INFO | __main__ | [HEARTBEAT] symbols=16 open_pos=1 total_trades=8 loop=233ms
2026-02-02 15:32:25 | INFO | __main__ | [HEARTBEAT] symbols=16 open_pos=1 total_trades=8 loop=199ms
2026-02-02 15:33:28 | INFO | __main__ | [HEARTBEAT] symbols=16 open_pos=1 total_trades=8 loop=220ms
2026-02-02 15:34:30 | INFO | __main__ | [HEARTBEAT] symbols=16 open_pos=1 total_trades=8 loop=198ms
2026-02-02 15:35:33 | INFO | __main__ | [HEARTBEAT] symbols=16 open_pos=1 total_trades=8 loop=202ms
2026-02-02 15:36:35 | INFO | __main__ | [HEARTBEAT] symbols=16 open_pos=1 total_trades=8 loop=211ms
2026-02-02 15:37:38 | INFO | __main__ | [HEARTBEAT] symbols=16 open_pos=1 total_trades=8 loop=193ms
2026-02-02 15:38:40 | INFO | __main__ | [HEARTBEAT] symbols=16 open_pos=1 total_trades=8 loop=218ms
2026-02-02 15:39:43 | INFO | __main__ | [HEARTBEAT] symbols=16 open_pos=1 total_trades=8 loop=224ms
2026-02-02 15:40:46 | INFO | __main__ | [HEARTBEAT] symbols=16 open_pos=1 total_trades=8 loop=227ms
2026-02-02 15:41:48 | INFO | __main__ | [HEARTBEAT] symbols=16 open_pos=1 total_trades=8 loop=194ms
2026-02-02 15:42:51 | INFO | __main__ | [HEARTBEAT] symbols=16 open_pos=1 total_trades=8 loop=198ms
2026-02-02 15:43:53 | INFO | __main__ | [HEARTBEAT] symbols=16 open_pos=1 total_trades=8 loop=204ms
2026-02-02 15:44:56 | INFO | __main__ | [HEARTBEAT] symbols=16 open_pos=1 total_trades=8 loop=227ms
2026-02-02 15:45:59 | INFO | __main__ | [HEARTBEAT] symbols=16 open_pos=1 total_trades=8 loop=197ms
2026-02-02 15:47:01 | INFO | __main__ | [HEARTBEAT] symbols=16 open_pos=1 total_trades=8 loop=249ms
2026-02-02 15:48:04 | INFO | __main__ | [HEARTBEAT] symbols=16 open_pos=1 total_trades=8 loop=200ms
2026-02-02 15:49:06 | INFO | __main__ | [HEARTBEAT] symbols=16 open_pos=1 total_trades=8 loop=200ms
2026-02-02 15:50:09 | INFO | __main__ | [HEARTBEAT] symbols=16 open_pos=1 total_trades=8 loop=198ms
2026-02-02 15:51:11 | INFO | __main__ | [HEARTBEAT] symbols=16 open_pos=1 total_trades=8 loop=196ms
2026-02-02 15:52:14 | INFO | __main__ | [HEARTBEAT] symbols=16 open_pos=1 total_trades=8 loop=202ms
2026-02-02 15:53:17 | INFO | __main__ | [HEARTBEAT] symbols=16 open_pos=1 total_trades=8 loop=217ms
2026-02-02 15:54:19 | INFO | __main__ | [HEARTBEAT] symbols=16 open_pos=1 total_trades=8 loop=205ms
2026-02-02 15:55:22 | INFO | __main__ | [HEARTBEAT] symbols=16 open_pos=1 total_trades=8 loop=196ms
2026-02-02 15:56:24 | INFO | __main__ | [HEARTBEAT] symbols=16 open_pos=1 total_trades=8 loop=216ms
2026-02-02 15:57:27 | INFO | __main__ | [HEARTBEAT] symbols=16 open_pos=1 total_trades=8 loop=196ms
2026-02-02 15:58:29 | INFO | __main__ | [HEARTBEAT] symbols=16 open_pos=1 total_trades=8 loop=235ms
2026-02-02 15:59:32 | INFO | __main__ | [HEARTBEAT] symbols=16 open_pos=1 total_trades=8 loop=202ms
2026-02-02 16:00:35 | INFO | __main__ | [HEARTBEAT] symbols=16 open_pos=1 total_trades=8 loop=227ms
2026-02-02 16:01:37 | INFO | __main__ | [HEARTBEAT] symbols=16 open_pos=1 total_trades=8 loop=205ms
2026-02-02 16:02:40 | INFO | __main__ | [HEARTBEAT] symbols=16 open_pos=1 total_trades=8 loop=205ms
2026-02-02 16:03:42 | INFO | __main__ | [HEARTBEAT] symbols=16 open_pos=1 total_trades=8 loop=201ms
2026-02-02 16:04:45 | INFO | __main__ | [HEARTBEAT] symbols=16 open_pos=1 total_trades=8 loop=201ms
2026-02-02 16:05:47 | INFO | __main__ | [HEARTBEAT] symbols=16 open_pos=1 total_trades=8 loop=215ms
2026-02-02 16:06:50 | INFO | __main__ | [HEARTBEAT] symbols=16 open_pos=1 total_trades=8 loop=203ms
2026-02-02 16:07:53 | INFO | __main__ | [HEARTBEAT] symbols=16 open_pos=1 total_trades=8 loop=197ms
2026-02-02 16:08:55 | INFO | __main__ | [HEARTBEAT] symbols=16 open_pos=1 total_trades=8 loop=203ms
2026-02-02 16:09:58 | INFO | __main__ | [HEARTBEAT] symbols=16 open_pos=1 total_trades=8 loop=200ms
2026-02-02 16:11:00 | INFO | __main__ | [HEARTBEAT] symbols=16 open_pos=1 total_trades=8 loop=204ms
2026-02-02 16:12:03 | INFO | __main__ | [HEARTBEAT] symbols=16 open_pos=1 total_trades=8 loop=211ms
2026-02-02 16:13:05 | INFO | __main__ | [HEARTBEAT] symbols=16 open_pos=1 total_trades=8 loop=204ms
2026-02-02 16:14:08 | INFO | __main__ | [HEARTBEAT] symbols=16 open_pos=1 total_trades=8 loop=204ms
2026-02-02 16:15:10 | INFO | __main__ | [HEARTBEAT] symbols=16 open_pos=1 total_trades=8 loop=204ms
2026-02-02 16:16:13 | INFO | __main__ | [HEARTBEAT] symbols=16 open_pos=1 total_trades=8 loop=229ms
2026-02-02 16:17:15 | INFO | __main__ | [HEARTBEAT] symbols=16 open_pos=1 total_trades=8 loop=199ms
2026-02-02 16:18:18 | INFO | __main__ | [HEARTBEAT] symbols=16 open_pos=1 total_trades=8 loop=207ms
2026-02-02 16:19:21 | INFO | __main__ | [HEARTBEAT] symbols=16 open_pos=1 total_trades=8 loop=197ms
2026-02-02 16:20:23 | INFO | __main__ | [HEARTBEAT] symbols=16 open_pos=1 total_trades=8 loop=201ms
2026-02-02 16:21:26 | INFO | __main__ | [HEARTBEAT] symbols=16 open_pos=1 total_trades=8 loop=203ms
2026-02-02 16:22:28 | INFO | __main__ | [HEARTBEAT] symbols=16 open_pos=1 total_trades=8 loop=220ms
2026-02-02 16:23:31 | INFO | __main__ | [HEARTBEAT] symbols=16 open_pos=1 total_trades=8 loop=212ms
2026-02-02 16:24:33 | INFO | __main__ | [HEARTBEAT] symbols=16 open_pos=1 total_trades=8 loop=217ms
2026-02-02 16:25:36 | INFO | __main__ | [HEARTBEAT] symbols=16 open_pos=1 total_trades=8 loop=227ms
2026-02-02 16:26:38 | INFO | __main__ | [HEARTBEAT] symbols=16 open_pos=1 total_trades=8 loop=201ms
2026-02-02 16:27:41 | INFO | __main__ | [HEARTBEAT] symbols=16 open_pos=1 total_trades=8 loop=205ms
2026-02-02 16:28:44 | INFO | __main__ | [HEARTBEAT] symbols=16 open_pos=1 total_trades=8 loop=246ms
2026-02-02 16:29:46 | INFO | __main__ | [HEARTBEAT] symbols=16 open_pos=1 total_trades=8 loop=199ms
2026-02-02 16:30:49 | INFO | __main__ | [HEARTBEAT] symbols=16 open_pos=1 total_trades=8 loop=195ms
2026-02-02 16:31:51 | INFO | __main__ | [HEARTBEAT] symbols=16 open_pos=1 total_trades=8 loop=194ms
2026-02-02 16:32:54 | INFO | __main__ | [HEARTBEAT] symbols=16 open_pos=1 total_trades=8 loop=197ms
2026-02-02 16:33:56 | INFO | __main__ | [HEARTBEAT] symbols=16 open_pos=1 total_trades=8 loop=202ms
2026-02-02 16:34:59 | INFO | __main__ | [HEARTBEAT] symbols=16 open_pos=1 total_trades=8 loop=196ms
2026-02-02 16:36:01 | INFO | __main__ | [HEARTBEAT] symbols=16 open_pos=1 total_trades=8 loop=199ms
2026-02-02 16:37:04 | INFO | __main__ | [HEARTBEAT] symbols=16 open_pos=1 total_trades=8 loop=199ms
2026-02-02 16:38:06 | INFO | __main__ | [HEARTBEAT] symbols=16 open_pos=1 total_trades=8 loop=200ms
2026-02-02 16:39:09 | INFO | __main__ | [HEARTBEAT] symbols=16 open_pos=1 total_trades=8 loop=236ms
2026-02-02 16:40:11 | INFO | __main__ | [HEARTBEAT] symbols=16 open_pos=1 total_trades=8 loop=202ms
2026-02-02 16:41:14 | INFO | __main__ | [HEARTBEAT] symbols=16 open_pos=1 total_trades=8 loop=199ms
2026-02-02 16:42:16 | INFO | __main__ | [HEARTBEAT] symbols=16 open_pos=1 total_trades=8 loop=235ms
2026-02-02 16:43:19 | INFO | __main__ | [HEARTBEAT] symbols=16 open_pos=1 total_trades=8 loop=215ms
2026-02-02 16:44:21 | INFO | __main__ | [HEARTBEAT] symbols=16 open_pos=1 total_trades=8 loop=197ms
2026-02-02 16:45:24 | INFO | __main__ | [HEARTBEAT] symbols=16 open_pos=1 total_trades=8 loop=191ms
2026-02-02 16:46:26 | INFO | __main__ | [HEARTBEAT] symbols=16 open_pos=1 total_trades=8 loop=205ms
2026-02-02 16:47:29 | INFO | __main__ | [HEARTBEAT] symbols=16 open_pos=1 total_trades=8 loop=216ms
2026-02-02 16:48:31 | INFO | __main__ | [HEARTBEAT] symbols=16 open_pos=1 total_trades=8 loop=190ms
2026-02-02 16:49:34 | INFO | __main__ | [HEARTBEAT] symbols=16 open_pos=1 total_trades=8 loop=188ms
2026-02-02 16:50:36 | INFO | __main__ | [HEARTBEAT] symbols=16 open_pos=1 total_trades=8 loop=188ms
2026-02-02 16:51:39 | INFO | __main__ | [HEARTBEAT] symbols=16 open_pos=1 total_trades=8 loop=187ms
2026-02-02 16:52:41 | INFO | __main__ | [HEARTBEAT] symbols=16 open_pos=1 total_trades=8 loop=196ms
2026-02-02 16:53:44 | INFO | __main__ | [HEARTBEAT] symbols=16 open_pos=1 total_trades=8 loop=219ms
2026-02-02 16:54:46 | INFO | __main__ | [HEARTBEAT] symbols=16 open_pos=1 total_trades=8 loop=193ms
2026-02-02 16:55:49 | INFO | __main__ | [HEARTBEAT] symbols=16 open_pos=1 total_trades=8 loop=191ms
2026-02-02 16:56:51 | INFO | __main__ | [HEARTBEAT] symbols=16 open_pos=1 total_trades=8 loop=233ms
2026-02-02 16:57:54 | INFO | __main__ | [HEARTBEAT] symbols=16 open_pos=1 total_trades=8 loop=189ms
2026-02-02 16:58:56 | INFO | __main__ | [HEARTBEAT] symbols=16 open_pos=1 total_trades=8 loop=232ms
2026-02-02 16:59:59 | INFO | __main__ | [HEARTBEAT] symbols=16 open_pos=1 total_trades=8 loop=196ms
2026-02-02 17:01:01 | INFO | __main__ | [HEARTBEAT] symbols=16 open_pos=1 total_trades=8 loop=243ms
2026-02-02 17:02:04 | INFO | __main__ | [HEARTBEAT] symbols=16 open_pos=1 total_trades=8 loop=195ms
2026-02-02 17:03:06 | INFO | __main__ | [HEARTBEAT] symbols=16 open_pos=1 total_trades=8 loop=197ms
2026-02-02 17:04:09 | INFO | __main__ | [HEARTBEAT] symbols=16 open_pos=1 total_trades=8 loop=206ms
2026-02-02 17:05:11 | INFO | __main__ | [HEARTBEAT] symbols=16 open_pos=1 total_trades=8 loop=198ms
2026-02-02 17:06:14 | INFO | __main__ | [HEARTBEAT] symbols=16 open_pos=1 total_trades=8 loop=198ms
2026-02-02 17:07:16 | INFO | __main__ | [HEARTBEAT] symbols=16 open_pos=1 total_trades=8 loop=197ms
2026-02-02 17:08:19 | INFO | __main__ | [HEARTBEAT] symbols=16 open_pos=1 total_trades=8 loop=195ms
2026-02-02 17:09:22 | INFO | __main__ | [HEARTBEAT] symbols=16 open_pos=1 total_trades=8 loop=195ms
2026-02-02 17:10:24 | INFO | __main__ | [HEARTBEAT] symbols=16 open_pos=1 total_trades=8 loop=194ms
2026-02-02 17:11:27 | INFO | __main__ | [HEARTBEAT] symbols=16 open_pos=1 total_trades=8 loop=194ms
2026-02-02 17:12:29 | INFO | __main__ | [HEARTBEAT] symbols=16 open_pos=1 total_trades=8 loop=195ms
2026-02-02 17:13:32 | INFO | __main__ | [HEARTBEAT] symbols=16 open_pos=1 total_trades=8 loop=194ms
2026-02-02 17:14:34 | INFO | __main__ | [HEARTBEAT] symbols=16 open_pos=1 total_trades=8 loop=197ms
2026-02-02 17:15:37 | INFO | __main__ | [HEARTBEAT] symbols=16 open_pos=1 total_trades=8 loop=220ms
2026-02-02 17:16:03 | INFO | __main__ | Trade 1477004834 closed (CLOSED_SL) profit -5.23
2026-02-02 17:16:39 | INFO | __main__ | [HEARTBEAT] symbols=16 open_pos=0 total_trades=8 loop=196ms
2026-02-02 17:17:42 | INFO | __main__ | [HEARTBEAT] symbols=16 open_pos=0 total_trades=8 loop=191ms
2026-02-02 17:18:45 | INFO | __main__ | [HEARTBEAT] symbols=16 open_pos=0 total_trades=8 loop=202ms
2026-02-02 17:19:47 | INFO | __main__ | [HEARTBEAT] symbols=16 open_pos=0 total_trades=8 loop=197ms
2026-02-02 17:20:50 | INFO | __main__ | [HEARTBEAT] symbols=16 open_pos=0 total_trades=8 loop=194ms
2026-02-02 17:21:52 | INFO | __main__ | [HEARTBEAT] symbols=16 open_pos=0 total_trades=8 loop=215ms
2026-02-02 17:22:55 | INFO | __main__ | [HEARTBEAT] symbols=16 open_pos=0 total_trades=8 loop=202ms
2026-02-02 17:23:57 | INFO | __main__ | [HEARTBEAT] symbols=16 open_pos=0 total_trades=8 loop=192ms
2026-02-02 17:25:00 | INFO | __main__ | [HEARTBEAT] symbols=16 open_pos=0 total_trades=8 loop=197ms
2026-02-02 17:26:02 | INFO | __main__ | [HEARTBEAT] symbols=16 open_pos=0 total_trades=8 loop=194ms
2026-02-02 17:27:05 | INFO | __main__ | [HEARTBEAT] symbols=16 open_pos=0 total_trades=8 loop=196ms
2026-02-02 17:28:08 | INFO | __main__ | [HEARTBEAT] symbols=16 open_pos=0 total_trades=8 loop=197ms
2026-02-02 17:29:10 | INFO | __main__ | [HEARTBEAT] symbols=16 open_pos=0 total_trades=8 loop=203ms
2026-02-02 17:30:13 | INFO | __main__ | [HEARTBEAT] symbols=16 open_pos=0 total_trades=8 loop=208ms
2026-02-02 17:31:15 | INFO | __main__ | [HEARTBEAT] symbols=16 open_pos=0 total_trades=8 loop=191ms
2026-02-02 17:32:18 | INFO | __main__ | [HEARTBEAT] symbols=16 open_pos=0 total_trades=8 loop=194ms
2026-02-02 17:33:20 | INFO | __main__ | [HEARTBEAT] symbols=16 open_pos=0 total_trades=8 loop=195ms
2026-02-02 17:34:22 | INFO | __main__ | [HEARTBEAT] symbols=16 open_pos=0 total_trades=8 loop=202ms
2026-02-02 17:35:25 | INFO | __main__ | [HEARTBEAT] symbols=16 open_pos=0 total_trades=8 loop=195ms
2026-02-02 17:36:27 | INFO | __main__ | [HEARTBEAT] symbols=16 open_pos=0 total_trades=8 loop=196ms
2026-02-02 17:37:30 | INFO | __main__ | [HEARTBEAT] symbols=16 open_pos=0 total_trades=8 loop=203ms
2026-02-02 17:38:32 | INFO | __main__ | [HEARTBEAT] symbols=16 open_pos=0 total_trades=8 loop=197ms
2026-02-02 17:39:35 | INFO | __main__ | [HEARTBEAT] symbols=16 open_pos=0 total_trades=8 loop=197ms
2026-02-02 17:40:37 | INFO | __main__ | [HEARTBEAT] symbols=16 open_pos=0 total_trades=8 loop=198ms
2026-02-02 17:41:40 | INFO | __main__ | [HEARTBEAT] symbols=16 open_pos=0 total_trades=8 loop=197ms
2026-02-02 17:42:42 | INFO | __main__ | [HEARTBEAT] symbols=16 open_pos=0 total_trades=8 loop=195ms
2026-02-02 17:43:45 | INFO | __main__ | [HEARTBEAT] symbols=16 open_pos=0 total_trades=8 loop=197ms
2026-02-02 17:44:47 | INFO | __main__ | [HEARTBEAT] symbols=16 open_pos=0 total_trades=8 loop=202ms
2026-02-02 17:45:50 | INFO | __main__ | [HEARTBEAT] symbols=16 open_pos=0 total_trades=8 loop=235ms
2026-02-02 17:46:53 | INFO | __main__ | [HEARTBEAT] symbols=16 open_pos=0 total_trades=8 loop=196ms
2026-02-02 17:47:55 | INFO | __main__ | [HEARTBEAT] symbols=16 open_pos=0 total_trades=8 loop=202ms
2026-02-02 17:48:58 | INFO | __main__ | [HEARTBEAT] symbols=16 open_pos=0 total_trades=8 loop=199ms
2026-02-02 17:50:00 | INFO | __main__ | [HEARTBEAT] symbols=16 open_pos=0 total_trades=8 loop=201ms
2026-02-02 17:51:03 | INFO | __main__ | [HEARTBEAT] symbols=16 open_pos=0 total_trades=8 loop=200ms
2026-02-02 17:52:05 | INFO | __main__ | [HEARTBEAT] symbols=16 open_pos=0 total_trades=8 loop=201ms
2026-02-02 17:53:08 | INFO | __main__ | [HEARTBEAT] symbols=16 open_pos=0 total_trades=8 loop=195ms
2026-02-02 17:54:10 | INFO | __main__ | [HEARTBEAT] symbols=16 open_pos=0 total_trades=8 loop=196ms
2026-02-02 17:55:13 | INFO | __main__ | [HEARTBEAT] symbols=16 open_pos=0 total_trades=8 loop=200ms
2026-02-02 17:56:15 | INFO | __main__ | [HEARTBEAT] symbols=16 open_pos=0 total_trades=8 loop=195ms
2026-02-02 17:57:18 | INFO | __main__ | [HEARTBEAT] symbols=16 open_pos=0 total_trades=8 loop=197ms
2026-02-02 17:58:20 | INFO | __main__ | [HEARTBEAT] symbols=16 open_pos=0 total_trades=8 loop=210ms
2026-02-02 17:59:23 | INFO | __main__ | [HEARTBEAT] symbols=16 open_pos=0 total_trades=8 loop=242ms
2026-02-02 18:00:26 | INFO | __main__ | [HEARTBEAT] symbols=16 open_pos=0 total_trades=8 loop=202ms
2026-02-02 18:01:28 | INFO | __main__ | [HEARTBEAT] symbols=16 open_pos=0 total_trades=8 loop=201ms
2026-02-02 18:02:31 | INFO | __main__ | [HEARTBEAT] symbols=16 open_pos=0 total_trades=8 loop=200ms
2026-02-02 18:03:33 | INFO | __main__ | [HEARTBEAT] symbols=16 open_pos=0 total_trades=8 loop=197ms
2026-02-02 18:04:36 | INFO | __main__ | [HEARTBEAT] symbols=16 open_pos=0 total_trades=8 loop=196ms
2026-02-02 18:05:38 | INFO | __main__ | [HEARTBEAT] symbols=16 open_pos=0 total_trades=8 loop=201ms
2026-02-02 18:06:41 | INFO | __main__ | [HEARTBEAT] symbols=16 open_pos=0 total_trades=8 loop=197ms
2026-02-02 18:07:43 | INFO | __main__ | [HEARTBEAT] symbols=16 open_pos=0 total_trades=8 loop=197ms
2026-02-02 18:08:46 | INFO | __main__ | [HEARTBEAT] symbols=16 open_pos=0 total_trades=8 loop=201ms
2026-02-02 18:09:48 | INFO | __main__ | [HEARTBEAT] symbols=16 open_pos=0 total_trades=8 loop=198ms
2026-02-02 18:10:51 | INFO | __main__ | [HEARTBEAT] symbols=16 open_pos=0 total_trades=8 loop=193ms
2026-02-02 18:11:53 | INFO | __main__ | [HEARTBEAT] symbols=16 open_pos=0 total_trades=8 loop=202ms
2026-02-02 18:12:56 | INFO | __main__ | [HEARTBEAT] symbols=16 open_pos=0 total_trades=8 loop=204ms
2026-02-02 18:13:58 | INFO | __main__ | [HEARTBEAT] symbols=16 open_pos=0 total_trades=8 loop=235ms
2026-02-02 18:15:01 | INFO | __main__ | [HEARTBEAT] symbols=16 open_pos=0 total_trades=8 loop=190ms
2026-02-02 18:16:03 | INFO | __main__ | [HEARTBEAT] symbols=16 open_pos=0 total_trades=8 loop=194ms
2026-02-02 18:17:06 | INFO | __main__ | [HEARTBEAT] symbols=16 open_pos=0 total_trades=8 loop=193ms
2026-02-02 18:18:08 | INFO | __main__ | [HEARTBEAT] symbols=16 open_pos=0 total_trades=8 loop=195ms
2026-02-02 18:19:11 | INFO | __main__ | [HEARTBEAT] symbols=16 open_pos=0 total_trades=8 loop=194ms
2026-02-02 18:20:13 | INFO | __main__ | [HEARTBEAT] symbols=16 open_pos=0 total_trades=8 loop=193ms
2026-02-02 18:21:16 | INFO | __main__ | [HEARTBEAT] symbols=16 open_pos=0 total_trades=8 loop=194ms
2026-02-02 18:22:18 | INFO | __main__ | [HEARTBEAT] symbols=16 open_pos=0 total_trades=8 loop=196ms
2026-02-02 18:23:21 | INFO | __main__ | [HEARTBEAT] symbols=16 open_pos=0 total_trades=8 loop=190ms
2026-02-02 18:24:23 | INFO | __main__ | [HEARTBEAT] symbols=16 open_pos=0 total_trades=8 loop=195ms
2026-02-02 18:25:26 | INFO | __main__ | [HEARTBEAT] symbols=16 open_pos=0 total_trades=8 loop=194ms
2026-02-02 18:26:28 | INFO | __main__ | [HEARTBEAT] symbols=16 open_pos=0 total_trades=8 loop=194ms
2026-02-02 18:27:31 | INFO | __main__ | [HEARTBEAT] symbols=16 open_pos=0 total_trades=8 loop=227ms
2026-02-02 18:28:33 | INFO | __main__ | [HEARTBEAT] symbols=16 open_pos=0 total_trades=8 loop=191ms
2026-02-02 18:29:36 | INFO | __main__ | [HEARTBEAT] symbols=16 open_pos=0 total_trades=8 loop=236ms
2026-02-02 18:30:38 | INFO | __main__ | [HEARTBEAT] symbols=16 open_pos=0 total_trades=8 loop=195ms
2026-02-02 18:31:41 | INFO | __main__ | [HEARTBEAT] symbols=16 open_pos=0 total_trades=8 loop=196ms
2026-02-02 18:32:43 | INFO | __main__ | [HEARTBEAT] symbols=16 open_pos=0 total_trades=8 loop=196ms
2026-02-02 18:33:46 | INFO | __main__ | [HEARTBEAT] symbols=16 open_pos=0 total_trades=8 loop=197ms
2026-02-02 18:34:48 | INFO | __main__ | [HEARTBEAT] symbols=16 open_pos=0 total_trades=8 loop=198ms
2026-02-02 18:35:51 | INFO | __main__ | [HEARTBEAT] symbols=16 open_pos=0 total_trades=8 loop=198ms
2026-02-02 18:36:53 | INFO | __main__ | [HEARTBEAT] symbols=16 open_pos=0 total_trades=8 loop=197ms
2026-02-02 18:37:56 | INFO | __main__ | [HEARTBEAT] symbols=16 open_pos=0 total_trades=8 loop=201ms
2026-02-02 18:38:58 | INFO | __main__ | [HEARTBEAT] symbols=16 open_pos=0 total_trades=8 loop=192ms
2026-02-02 18:40:01 | INFO | __main__ | [HEARTBEAT] symbols=16 open_pos=0 total_trades=8 loop=193ms
2026-02-02 18:41:03 | INFO | __main__ | [HEARTBEAT] symbols=16 open_pos=0 total_trades=8 loop=211ms
2026-02-02 18:42:06 | INFO | __main__ | [HEARTBEAT] symbols=16 open_pos=0 total_trades=8 loop=195ms
2026-02-02 18:43:08 | INFO | __main__ | [HEARTBEAT] symbols=16 open_pos=0 total_trades=8 loop=239ms
2026-02-02 18:44:11 | INFO | __main__ | [HEARTBEAT] symbols=16 open_pos=0 total_trades=8 loop=199ms
2026-02-02 18:45:13 | INFO | __main__ | [HEARTBEAT] symbols=16 open_pos=0 total_trades=8 loop=189ms
2026-02-02 18:46:16 | INFO | __main__ | [HEARTBEAT] symbols=16 open_pos=0 total_trades=8 loop=189ms
2026-02-02 18:47:18 | INFO | __main__ | [HEARTBEAT] symbols=16 open_pos=0 total_trades=8 loop=183ms
2026-02-02 18:48:21 | INFO | __main__ | [HEARTBEAT] symbols=16 open_pos=0 total_trades=8 loop=198ms
2026-02-02 18:49:23 | INFO | __main__ | [HEARTBEAT] symbols=16 open_pos=0 total_trades=8 loop=238ms
2026-02-02 18:50:25 | INFO | __main__ | [HEARTBEAT] symbols=16 open_pos=0 total_trades=8 loop=185ms
2026-02-02 18:51:28 | INFO | __main__ | [HEARTBEAT] symbols=16 open_pos=0 total_trades=8 loop=192ms
2026-02-02 18:52:30 | INFO | __main__ | [HEARTBEAT] symbols=16 open_pos=0 total_trades=8 loop=191ms
2026-02-02 18:53:33 | INFO | __main__ | [HEARTBEAT] symbols=16 open_pos=0 total_trades=8 loop=188ms
2026-02-02 18:54:35 | INFO | __main__ | [HEARTBEAT] symbols=16 open_pos=0 total_trades=8 loop=198ms
2026-02-02 18:55:38 | INFO | __main__ | [HEARTBEAT] symbols=16 open_pos=0 total_trades=8 loop=190ms
2026-02-02 18:56:40 | INFO | __main__ | [HEARTBEAT] symbols=16 open_pos=0 total_trades=8 loop=190ms
2026-02-02 18:57:43 | INFO | __main__ | [HEARTBEAT] symbols=16 open_pos=0 total_trades=8 loop=189ms
2026-02-02 18:58:45 | INFO | __main__ | [HEARTBEAT] symbols=16 open_pos=0 total_trades=8 loop=191ms
2026-02-02 18:59:47 | INFO | __main__ | [HEARTBEAT] symbols=16 open_pos=0 total_trades=8 loop=194ms
2026-02-02 19:00:50 | INFO | __main__ | [HEARTBEAT] symbols=16 open_pos=0 total_trades=8 loop=198ms
2026-02-02 19:01:53 | INFO | __main__ | [HEARTBEAT] symbols=16 open_pos=0 total_trades=8 loop=212ms
2026-02-02 19:02:55 | INFO | __main__ | [HEARTBEAT] symbols=16 open_pos=0 total_trades=8 loop=196ms
2026-02-02 19:03:58 | INFO | __main__ | [HEARTBEAT] symbols=16 open_pos=0 total_trades=8 loop=199ms
2026-02-02 19:05:00 | INFO | __main__ | [HEARTBEAT] symbols=16 open_pos=0 total_trades=8 loop=201ms
2026-02-02 19:06:03 | INFO | __main__ | [HEARTBEAT] symbols=16 open_pos=0 total_trades=8 loop=204ms
2026-02-02 19:07:05 | INFO | __main__ | [HEARTBEAT] symbols=16 open_pos=0 total_trades=8 loop=203ms
2026-02-02 19:08:08 | INFO | __main__ | [HEARTBEAT] symbols=16 open_pos=0 total_trades=8 loop=202ms
2026-02-02 19:09:11 | INFO | __main__ | [HEARTBEAT] symbols=16 open_pos=0 total_trades=8 loop=200ms
2026-02-02 19:10:13 | INFO | __main__ | [HEARTBEAT] symbols=16 open_pos=0 total_trades=8 loop=207ms
2026-02-02 19:11:16 | INFO | __main__ | [HEARTBEAT] symbols=16 open_pos=0 total_trades=8 loop=199ms
2026-02-02 19:12:18 | INFO | __main__ | [HEARTBEAT] symbols=16 open_pos=0 total_trades=8 loop=225ms
2026-02-02 19:13:21 | INFO | __main__ | [HEARTBEAT] symbols=16 open_pos=0 total_trades=8 loop=205ms
2026-02-02 19:14:23 | INFO | __main__ | [HEARTBEAT] symbols=16 open_pos=0 total_trades=8 loop=203ms
2026-02-02 19:15:26 | INFO | __main__ | [HEARTBEAT] symbols=16 open_pos=0 total_trades=8 loop=198ms
2026-02-02 19:16:29 | INFO | __main__ | [HEARTBEAT] symbols=16 open_pos=0 total_trades=8 loop=200ms
2026-02-02 19:17:31 | INFO | __main__ | [HEARTBEAT] symbols=16 open_pos=0 total_trades=8 loop=199ms
2026-02-02 19:18:34 | INFO | __main__ | [HEARTBEAT] symbols=16 open_pos=0 total_trades=8 loop=198ms
2026-02-02 19:19:36 | INFO | __main__ | [HEARTBEAT] symbols=16 open_pos=0 total_trades=8 loop=199ms
2026-02-02 19:20:39 | INFO | __main__ | [HEARTBEAT] symbols=16 open_pos=0 total_trades=8 loop=215ms
2026-02-02 19:21:41 | INFO | __main__ | [HEARTBEAT] symbols=16 open_pos=0 total_trades=8 loop=235ms
2026-02-02 19:22:44 | INFO | __main__ | [HEARTBEAT] symbols=16 open_pos=0 total_trades=8 loop=203ms
2026-02-02 19:23:47 | INFO | __main__ | [HEARTBEAT] symbols=16 open_pos=0 total_trades=8 loop=203ms
2026-02-02 19:24:49 | INFO | __main__ | [HEARTBEAT] symbols=16 open_pos=0 total_trades=8 loop=210ms
2026-02-02 19:25:52 | INFO | __main__ | [HEARTBEAT] symbols=16 open_pos=0 total_trades=8 loop=197ms
2026-02-02 19:26:54 | INFO | __main__ | [HEARTBEAT] symbols=16 open_pos=0 total_trades=8 loop=194ms
2026-02-02 19:27:57 | INFO | __main__ | [HEARTBEAT] symbols=16 open_pos=0 total_trades=8 loop=212ms
2026-02-02 19:29:00 | INFO | __main__ | [HEARTBEAT] symbols=16 open_pos=0 total_trades=8 loop=199ms
2026-02-02 19:30:02 | INFO | __main__ | [HEARTBEAT] symbols=16 open_pos=0 total_trades=8 loop=210ms
2026-02-02 19:31:05 | INFO | __main__ | [HEARTBEAT] symbols=16 open_pos=0 total_trades=8 loop=199ms
2026-02-02 19:32:07 | INFO | __main__ | [HEARTBEAT] symbols=16 open_pos=0 total_trades=8 loop=201ms
2026-02-02 19:33:10 | INFO | __main__ | [HEARTBEAT] symbols=16 open_pos=0 total_trades=8 loop=198ms
2026-02-02 19:34:12 | INFO | __main__ | [HEARTBEAT] symbols=16 open_pos=0 total_trades=8 loop=207ms
2026-02-02 19:35:15 | INFO | __main__ | [HEARTBEAT] symbols=16 open_pos=0 total_trades=8 loop=216ms
2026-02-02 19:36:18 | INFO | __main__ | [HEARTBEAT] symbols=16 open_pos=0 total_trades=8 loop=202ms
2026-02-02 19:37:20 | INFO | __main__ | [HEARTBEAT] symbols=16 open_pos=0 total_trades=8 loop=224ms
2026-02-02 19:38:23 | INFO | __main__ | [HEARTBEAT] symbols=16 open_pos=0 total_trades=8 loop=194ms
2026-02-02 19:39:26 | INFO | __main__ | [HEARTBEAT] symbols=16 open_pos=0 total_trades=8 loop=194ms
2026-02-02 19:40:28 | INFO | __main__ | [HEARTBEAT] symbols=16 open_pos=0 total_trades=8 loop=210ms
2026-02-02 19:41:31 | INFO | __main__ | [HEARTBEAT] symbols=16 open_pos=0 total_trades=8 loop=237ms
2026-02-02 19:42:33 | INFO | __main__ | [HEARTBEAT] symbols=16 open_pos=0 total_trades=8 loop=234ms
2026-02-02 19:43:36 | INFO | __main__ | [HEARTBEAT] symbols=16 open_pos=0 total_trades=8 loop=219ms
2026-02-02 19:44:39 | INFO | __main__ | [HEARTBEAT] symbols=16 open_pos=0 total_trades=8 loop=217ms
2026-02-02 19:45:41 | INFO | __main__ | [HEARTBEAT] symbols=16 open_pos=0 total_trades=8 loop=201ms
2026-02-02 19:46:44 | INFO | __main__ | [HEARTBEAT] symbols=16 open_pos=0 total_trades=8 loop=235ms
2026-02-02 19:47:47 | INFO | __main__ | [HEARTBEAT] symbols=16 open_pos=0 total_trades=8 loop=222ms
2026-02-02 19:48:49 | INFO | __main__ | [HEARTBEAT] symbols=16 open_pos=0 total_trades=8 loop=199ms
2026-02-02 19:49:52 | INFO | __main__ | [HEARTBEAT] symbols=16 open_pos=0 total_trades=8 loop=213ms
2026-02-02 19:50:54 | INFO | __main__ | [HEARTBEAT] symbols=16 open_pos=0 total_trades=8 loop=226ms
2026-02-02 19:51:57 | INFO | __main__ | [HEARTBEAT] symbols=16 open_pos=0 total_trades=8 loop=201ms
2026-02-02 19:53:00 | INFO | __main__ | [HEARTBEAT] symbols=16 open_pos=0 total_trades=8 loop=213ms
2026-02-02 19:54:02 | INFO | __main__ | [HEARTBEAT] symbols=16 open_pos=0 total_trades=8 loop=195ms
2026-02-02 19:55:05 | INFO | __main__ | [HEARTBEAT] symbols=16 open_pos=0 total_trades=8 loop=198ms
2026-02-02 19:56:07 | INFO | __main__ | [HEARTBEAT] symbols=16 open_pos=0 total_trades=8 loop=211ms
2026-02-02 19:57:10 | INFO | __main__ | [HEARTBEAT] symbols=16 open_pos=0 total_trades=8 loop=213ms
2026-02-02 19:58:13 | INFO | __main__ | [HEARTBEAT] symbols=16 open_pos=0 total_trades=8 loop=196ms
2026-02-02 19:59:15 | INFO | __main__ | [HEARTBEAT] symbols=16 open_pos=0 total_trades=8 loop=200ms
2026-02-02 20:00:18 | INFO | __main__ | [HEARTBEAT] symbols=16 open_pos=0 total_trades=8 loop=208ms
2026-02-02 20:01:20 | INFO | __main__ | [HEARTBEAT] symbols=16 open_pos=0 total_trades=8 loop=232ms
2026-02-02 20:02:23 | INFO | __main__ | [HEARTBEAT] symbols=16 open_pos=0 total_trades=8 loop=209ms
2026-02-02 20:03:26 | INFO | __main__ | [HEARTBEAT] symbols=16 open_pos=0 total_trades=8 loop=242ms
2026-02-02 20:04:28 | INFO | __main__ | [HEARTBEAT] symbols=16 open_pos=0 total_trades=8 loop=203ms
2026-02-02 20:05:31 | INFO | __main__ | [HEARTBEAT] symbols=16 open_pos=0 total_trades=8 loop=202ms
2026-02-02 20:06:33 | INFO | __main__ | [HEARTBEAT] symbols=16 open_pos=0 total_trades=8 loop=221ms
2026-02-02 20:07:36 | INFO | __main__ | [HEARTBEAT] symbols=16 open_pos=0 total_trades=8 loop=219ms
2026-02-02 20:08:39 | INFO | __main__ | [HEARTBEAT] symbols=16 open_pos=0 total_trades=8 loop=207ms
2026-02-02 20:09:41 | INFO | __main__ | [HEARTBEAT] symbols=16 open_pos=0 total_trades=8 loop=202ms
2026-02-02 20:10:44 | INFO | __main__ | [HEARTBEAT] symbols=16 open_pos=0 total_trades=8 loop=207ms
2026-02-02 20:11:47 | INFO | __main__ | [HEARTBEAT] symbols=16 open_pos=0 total_trades=8 loop=204ms
2026-02-02 20:12:49 | INFO | __main__ | [HEARTBEAT] symbols=16 open_pos=0 total_trades=8 loop=213ms
2026-02-02 20:13:52 | INFO | __main__ | [HEARTBEAT] symbols=16 open_pos=0 total_trades=8 loop=230ms
2026-02-02 20:14:55 | INFO | __main__ | [HEARTBEAT] symbols=16 open_pos=0 total_trades=8 loop=219ms
2026-02-02 20:15:57 | INFO | __main__ | [HEARTBEAT] symbols=16 open_pos=0 total_trades=8 loop=228ms
2026-02-02 20:17:00 | INFO | __main__ | [HEARTBEAT] symbols=16 open_pos=0 total_trades=8 loop=239ms
2026-02-02 20:18:03 | INFO | __main__ | [HEARTBEAT] symbols=16 open_pos=0 total_trades=8 loop=203ms
2026-02-02 20:19:05 | INFO | __main__ | [HEARTBEAT] symbols=16 open_pos=0 total_trades=8 loop=208ms
2026-02-02 20:20:08 | INFO | __main__ | [HEARTBEAT] symbols=16 open_pos=0 total_trades=8 loop=243ms
2026-02-02 20:21:11 | INFO | __main__ | [HEARTBEAT] symbols=16 open_pos=0 total_trades=8 loop=205ms
2026-02-02 20:22:13 | INFO | __main__ | [HEARTBEAT] symbols=16 open_pos=0 total_trades=8 loop=202ms
2026-02-02 20:23:16 | INFO | __main__ | [HEARTBEAT] symbols=16 open_pos=0 total_trades=8 loop=206ms
2026-02-02 20:24:19 | INFO | __main__ | [HEARTBEAT] symbols=16 open_pos=0 total_trades=8 loop=208ms
2026-02-02 20:25:21 | INFO | __main__ | [HEARTBEAT] symbols=16 open_pos=0 total_trades=8 loop=202ms
2026-02-02 20:26:24 | INFO | __main__ | [HEARTBEAT] symbols=16 open_pos=0 total_trades=8 loop=203ms
2026-02-02 20:27:26 | INFO | __main__ | [HEARTBEAT] symbols=16 open_pos=0 total_trades=8 loop=205ms
2026-02-02 20:28:29 | INFO | __main__ | [HEARTBEAT] symbols=16 open_pos=0 total_trades=8 loop=242ms
2026-02-02 20:29:32 | INFO | __main__ | [HEARTBEAT] symbols=16 open_pos=0 total_trades=8 loop=205ms
2026-02-02 20:30:34 | INFO | __main__ | [HEARTBEAT] symbols=16 open_pos=0 total_trades=8 loop=202ms
2026-02-02 20:31:37 | INFO | __main__ | [HEARTBEAT] symbols=16 open_pos=0 total_trades=8 loop=215ms
2026-02-02 20:32:40 | INFO | __main__ | [HEARTBEAT] symbols=16 open_pos=0 total_trades=8 loop=233ms
2026-02-02 20:33:42 | INFO | __main__ | [HEARTBEAT] symbols=16 open_pos=0 total_trades=8 loop=197ms
2026-02-02 20:34:45 | INFO | __main__ | [HEARTBEAT] symbols=16 open_pos=0 total_trades=8 loop=220ms
2026-02-02 20:35:47 | INFO | __main__ | [HEARTBEAT] symbols=16 open_pos=0 total_trades=8 loop=204ms
2026-02-02 20:36:50 | INFO | __main__ | [HEARTBEAT] symbols=16 open_pos=0 total_trades=8 loop=200ms
2026-02-02 20:37:52 | INFO | __main__ | [HEARTBEAT] symbols=16 open_pos=0 total_trades=8 loop=197ms
2026-02-02 20:38:55 | INFO | __main__ | [HEARTBEAT] symbols=16 open_pos=0 total_trades=8 loop=200ms
2026-02-02 20:39:58 | INFO | __main__ | [HEARTBEAT] symbols=16 open_pos=0 total_trades=8 loop=204ms
2026-02-02 20:41:00 | INFO | __main__ | [HEARTBEAT] symbols=16 open_pos=0 total_trades=8 loop=199ms
2026-02-02 20:42:03 | INFO | __main__ | [HEARTBEAT] symbols=16 open_pos=0 total_trades=8 loop=197ms
2026-02-02 20:43:06 | INFO | __main__ | [HEARTBEAT] symbols=16 open_pos=0 total_trades=8 loop=198ms
2026-02-02 20:44:08 | INFO | __main__ | [HEARTBEAT] symbols=16 open_pos=0 total_trades=8 loop=201ms
2026-02-02 20:45:11 | INFO | __main__ | [HEARTBEAT] symbols=16 open_pos=0 total_trades=8 loop=200ms
2026-02-02 20:46:13 | INFO | __main__ | [HEARTBEAT] symbols=16 open_pos=0 total_trades=8 loop=202ms
2026-02-02 20:47:16 | INFO | __main__ | [HEARTBEAT] symbols=16 open_pos=0 total_trades=8 loop=230ms
2026-02-02 20:48:19 | INFO | __main__ | [HEARTBEAT] symbols=16 open_pos=0 total_trades=8 loop=221ms
2026-02-02 20:49:21 | INFO | __main__ | [HEARTBEAT] symbols=16 open_pos=0 total_trades=8 loop=217ms
2026-02-02 20:50:24 | INFO | __main__ | [HEARTBEAT] symbols=16 open_pos=0 total_trades=8 loop=201ms
2026-02-02 20:51:26 | INFO | __main__ | [HEARTBEAT] symbols=16 open_pos=0 total_trades=8 loop=204ms
2026-02-02 20:52:29 | INFO | __main__ | [HEARTBEAT] symbols=16 open_pos=0 total_trades=8 loop=219ms
2026-02-02 20:53:32 | INFO | __main__ | [HEARTBEAT] symbols=16 open_pos=0 total_trades=8 loop=199ms
2026-02-02 20:54:34 | INFO | __main__ | [HEARTBEAT] symbols=16 open_pos=0 total_trades=8 loop=205ms
2026-02-02 20:55:37 | INFO | __main__ | [HEARTBEAT] symbols=16 open_pos=0 total_trades=8 loop=207ms
2026-02-02 20:56:40 | INFO | __main__ | [HEARTBEAT] symbols=16 open_pos=0 total_trades=8 loop=214ms
2026-02-02 20:57:42 | INFO | __main__ | [HEARTBEAT] symbols=16 open_pos=0 total_trades=8 loop=235ms
2026-02-02 20:58:45 | INFO | __main__ | [HEARTBEAT] symbols=16 open_pos=0 total_trades=8 loop=200ms
2026-02-02 20:59:47 | INFO | __main__ | [HEARTBEAT] symbols=16 open_pos=0 total_trades=8 loop=223ms
2026-02-02 21:00:50 | INFO | __main__ | [HEARTBEAT] symbols=16 open_pos=0 total_trades=8 loop=196ms
2026-02-02 21:01:53 | INFO | __main__ | [HEARTBEAT] symbols=16 open_pos=0 total_trades=8 loop=191ms
2026-02-02 21:02:55 | INFO | __main__ | [HEARTBEAT] symbols=16 open_pos=0 total_trades=8 loop=197ms
2026-02-02 21:03:57 | INFO | __main__ | [HEARTBEAT] symbols=16 open_pos=0 total_trades=8 loop=194ms
2026-02-02 21:05:00 | INFO | __main__ | [HEARTBEAT] symbols=16 open_pos=0 total_trades=8 loop=194ms
2026-02-02 21:06:03 | INFO | __main__ | [HEARTBEAT] symbols=16 open_pos=0 total_trades=8 loop=196ms
2026-02-02 21:07:05 | INFO | __main__ | [HEARTBEAT] symbols=16 open_pos=0 total_trades=8 loop=215ms
2026-02-02 21:08:08 | INFO | __main__ | [HEARTBEAT] symbols=16 open_pos=0 total_trades=8 loop=200ms
2026-02-02 21:09:11 | INFO | __main__ | [HEARTBEAT] symbols=16 open_pos=0 total_trades=8 loop=219ms
2026-02-02 21:10:13 | INFO | __main__ | [HEARTBEAT] symbols=16 open_pos=0 total_trades=8 loop=199ms
2026-02-02 21:11:16 | INFO | __main__ | [HEARTBEAT] symbols=16 open_pos=0 total_trades=8 loop=213ms
2026-02-02 21:12:18 | INFO | __main__ | [HEARTBEAT] symbols=16 open_pos=0 total_trades=8 loop=195ms
2026-02-02 21:13:21 | INFO | __main__ | [HEARTBEAT] symbols=16 open_pos=0 total_trades=8 loop=199ms
2026-02-02 21:14:24 | INFO | __main__ | [HEARTBEAT] symbols=16 open_pos=0 total_trades=8 loop=239ms
2026-02-02 21:15:27 | INFO | __main__ | [HEARTBEAT] symbols=16 open_pos=0 total_trades=8 loop=186ms
2026-02-02 21:16:29 | INFO | __main__ | [HEARTBEAT] symbols=16 open_pos=0 total_trades=8 loop=188ms
2026-02-02 21:17:32 | INFO | __main__ | [HEARTBEAT] symbols=16 open_pos=0 total_trades=8 loop=188ms
2026-02-02 21:18:34 | INFO | __main__ | [HEARTBEAT] symbols=16 open_pos=0 total_trades=8 loop=227ms
2026-02-02 21:19:36 | INFO | __main__ | [HEARTBEAT] symbols=16 open_pos=0 total_trades=8 loop=208ms
2026-02-02 21:20:39 | INFO | __main__ | [HEARTBEAT] symbols=16 open_pos=0 total_trades=8 loop=195ms
2026-02-02 21:21:41 | INFO | __main__ | [HEARTBEAT] symbols=16 open_pos=0 total_trades=8 loop=208ms
2026-02-02 21:22:44 | INFO | __main__ | [HEARTBEAT] symbols=16 open_pos=0 total_trades=8 loop=199ms
2026-02-02 21:23:46 | INFO | __main__ | [HEARTBEAT] symbols=16 open_pos=0 total_trades=8 loop=187ms
2026-02-02 21:24:49 | INFO | __main__ | [HEARTBEAT] symbols=16 open_pos=0 total_trades=8 loop=187ms
2026-02-02 21:25:51 | INFO | __main__ | [HEARTBEAT] symbols=16 open_pos=0 total_trades=8 loop=206ms
2026-02-02 21:26:54 | INFO | __main__ | [HEARTBEAT] symbols=16 open_pos=0 total_trades=8 loop=189ms
2026-02-02 21:27:56 | INFO | __main__ | [HEARTBEAT] symbols=16 open_pos=0 total_trades=8 loop=213ms
2026-02-02 21:28:59 | INFO | __main__ | [HEARTBEAT] symbols=16 open_pos=0 total_trades=8 loop=197ms
2026-02-02 21:30:01 | INFO | __main__ | [HEARTBEAT] symbols=16 open_pos=0 total_trades=8 loop=185ms
2026-02-02 21:31:04 | INFO | __main__ | [HEARTBEAT] symbols=16 open_pos=0 total_trades=8 loop=186ms
2026-02-02 21:32:06 | INFO | __main__ | [HEARTBEAT] symbols=16 open_pos=0 total_trades=8 loop=197ms
2026-02-02 21:33:09 | INFO | __main__ | [HEARTBEAT] symbols=16 open_pos=0 total_trades=8 loop=186ms
2026-02-02 21:34:11 | INFO | __main__ | [HEARTBEAT] symbols=16 open_pos=0 total_trades=8 loop=193ms
2026-02-02 21:35:14 | INFO | __main__ | [HEARTBEAT] symbols=16 open_pos=0 total_trades=8 loop=224ms
2026-02-02 21:36:17 | INFO | __main__ | [HEARTBEAT] symbols=16 open_pos=0 total_trades=8 loop=211ms
2026-02-02 21:37:19 | INFO | __main__ | [HEARTBEAT] symbols=16 open_pos=0 total_trades=8 loop=215ms
2026-02-02 21:38:21 | INFO | __main__ | [HEARTBEAT] symbols=16 open_pos=0 total_trades=8 loop=193ms
2026-02-02 21:39:24 | INFO | __main__ | [HEARTBEAT] symbols=16 open_pos=0 total_trades=8 loop=194ms
2026-02-02 21:40:26 | INFO | __main__ | [HEARTBEAT] symbols=16 open_pos=0 total_trades=8 loop=191ms
2026-02-02 21:41:29 | INFO | __main__ | [HEARTBEAT] symbols=16 open_pos=0 total_trades=8 loop=189ms
2026-02-02 21:42:32 | INFO | __main__ | [HEARTBEAT] symbols=16 open_pos=0 total_trades=8 loop=223ms
2026-02-02 21:43:34 | INFO | __main__ | [HEARTBEAT] symbols=16 open_pos=0 total_trades=8 loop=192ms
2026-02-02 21:44:37 | INFO | __main__ | [HEARTBEAT] symbols=16 open_pos=0 total_trades=8 loop=192ms
2026-02-02 21:45:39 | INFO | __main__ | [HEARTBEAT] symbols=16 open_pos=0 total_trades=8 loop=197ms
2026-02-02 21:46:41 | INFO | __main__ | [HEARTBEAT] symbols=16 open_pos=0 total_trades=8 loop=194ms
2026-02-02 21:47:44 | INFO | __main__ | [HEARTBEAT] symbols=16 open_pos=0 total_trades=8 loop=194ms
2026-02-02 21:48:46 | INFO | __main__ | [HEARTBEAT] symbols=16 open_pos=0 total_trades=8 loop=199ms
2026-02-02 21:49:49 | INFO | __main__ | [HEARTBEAT] symbols=16 open_pos=0 total_trades=8 loop=196ms
2026-02-02 21:50:51 | INFO | __main__ | [HEARTBEAT] symbols=16 open_pos=0 total_trades=8 loop=187ms
2026-02-02 21:51:54 | INFO | __main__ | [HEARTBEAT] symbols=16 open_pos=0 total_trades=8 loop=196ms
2026-02-02 21:52:56 | INFO | __main__ | [HEARTBEAT] symbols=16 open_pos=0 total_trades=8 loop=253ms
2026-02-02 21:53:59 | INFO | __main__ | [HEARTBEAT] symbols=16 open_pos=0 total_trades=8 loop=188ms
2026-02-02 21:55:01 | INFO | __main__ | [HEARTBEAT] symbols=16 open_pos=0 total_trades=8 loop=192ms
2026-02-02 21:56:03 | INFO | __main__ | [HEARTBEAT] symbols=16 open_pos=0 total_trades=8 loop=190ms
2026-02-02 21:57:06 | INFO | __main__ | [HEARTBEAT] symbols=16 open_pos=0 total_trades=8 loop=189ms
