2025-07-03 17:16:48,120 - __main__ - INFO - ============================================================
2025-07-03 17:16:48,120 - __main__ - INFO - ICT Trading Bot - Initialization
2025-07-03 17:16:48,121 - __main__ - INFO - ============================================================
2025-07-03 17:16:48,135 - bot_components - INFO - Connected to account: 98103705, Server: XMGlobal-MT5 5, Balance: 9751.78 USD
2025-07-03 17:16:48,137 - bot_components - INFO - Initialized 25 symbols: ['AUDUSD', 'CHFJPY', 'EURUSD', 'GBPUSD', 'USDCAD', 'USDCHF', 'USDJPY', 'EURCAD', 'GBPJPY', 'AUDCHF', 'AUDCAD', 'AUDJPY', 'EURAUD', 'EURJPY', 'EURCHF', 'EURNZD', 'AUDNZD', 'GBPCHF', 'CADCHF', 'GBPAUD', 'GBPCAD', 'GBPNZD', 'NZDUSD', 'GOLD', 'SILVER']
2025-07-03 17:16:48,137 - __main__ - INFO - Initialized with 25 symbols
2025-07-03 17:16:48,137 - __main__ - INFO - Risk per trade: 1.0%
2025-07-03 17:16:48,137 - __main__ - INFO - Max daily trades: 100
2025-07-03 17:16:48,138 - __main__ - INFO - ============================================================
2025-07-03 17:16:48,138 - __main__ - INFO - 
 ICT Trading Bot Started

2025-07-03 17:16:48,138 - __main__ - INFO - 
============================== Cycle 1 ==============================
2025-07-03 17:16:48,138 - __main__ - INFO - Time: 2025-07-03 17:16:48
2025-07-03 17:16:48,138 - __main__ - INFO - New trading day: 2025-07-03
2025-07-03 17:16:48,138 - __main__ - INFO - Active Kill Zone: NEW YORK KILL ZONE (NY Time: 10:16)
2025-07-03 17:16:54,181 - __main__ - INFO - AUDCHF: Position already open (BUY)
2025-07-03 17:16:55,389 - liquidity - WARNING - No buy_side liquidity targets meet minimum R:R requirement of 1.0
2025-07-03 17:16:55,389 - ict_bot - WARNING - No valid sell-side liquidity target found for bullish trade. Falling back to fixed R:R.
2025-07-03 17:16:55,389 - ict_bot - INFO - ICT Signal Generated: BUY AUDJPY @ 95.15300
2025-07-03 17:16:55,390 - ict_bot - INFO -   Narrative: BULLISH | distribution_continuation | NY_LONDON_SWEEP
2025-07-03 17:16:55,390 - ict_bot - INFO -   SL: 94.25025, TP: 96.50713
2025-07-03 17:16:55,390 - __main__ - INFO - 
==================================================
2025-07-03 17:16:55,390 - __main__ - INFO - ICT SIGNAL GENERATED: AUDJPY - BUY
2025-07-03 17:16:55,391 - __main__ - INFO - ==================================================
2025-07-03 17:16:55,391 - __main__ - INFO - NARRATIVE:
2025-07-03 17:16:55,391 - __main__ - INFO -   Daily Bias: BULLISH
2025-07-03 17:16:55,391 - __main__ - INFO -   PO3 Phase: distribution_continuation
2025-07-03 17:16:55,391 - __main__ - INFO -   Kill Zone: NewYork
2025-07-03 17:16:55,391 - __main__ - INFO -   Entry Model: NY_LONDON_SWEEP
2025-07-03 17:16:55,392 - __main__ - INFO - 
 TRADE DETAILS:
2025-07-03 17:16:55,392 - __main__ - INFO -   Entry: 95.15300
2025-07-03 17:16:55,392 - __main__ - INFO -   Stop Loss: 94.25025
2025-07-03 17:16:55,392 - __main__ - INFO -   Take Profit: 96.50713
2025-07-03 17:16:55,392 - __main__ - INFO -   Risk:Reward = 1:1.5
2025-07-03 17:16:55,392 - __main__ - INFO - ==================================================

2025-07-03 17:16:55,393 - bot_components - INFO - AUDJPY: Volume=0.15, Risk=$97.52 for SL distance of 0.93975
2025-07-03 17:16:55,542 - bot_components - INFO - AUDJPY: Order executed - Ticket: 533070955
2025-07-03 17:16:55,542 - __main__ - INFO - AUDJPY: Trade executed successfully!
2025-07-03 17:16:56,229 - ict_bot - INFO - Valid liquidity target: Equal Highs (2 times) at 1.79297, offering 5.1R.
2025-07-03 17:16:56,229 - ict_bot - INFO - ICT Signal Generated: BUY EURAUD @ 1.79001
2025-07-03 17:16:56,229 - ict_bot - INFO -   Narrative: BULLISH | distribution_continuation | NY_LONDON_SWEEP
2025-07-03 17:16:56,230 - ict_bot - INFO -   SL: 1.78943, TP: 1.79297
2025-07-03 17:16:56,230 - __main__ - INFO - 
==================================================
2025-07-03 17:16:56,230 - __main__ - INFO - ICT SIGNAL GENERATED: EURAUD - BUY
2025-07-03 17:16:56,230 - __main__ - INFO - ==================================================
2025-07-03 17:16:56,231 - __main__ - INFO - NARRATIVE:
2025-07-03 17:16:56,231 - __main__ - INFO -   Daily Bias: BULLISH
2025-07-03 17:16:56,231 - __main__ - INFO -   PO3 Phase: distribution_continuation
2025-07-03 17:16:56,231 - __main__ - INFO -   Kill Zone: NewYork
2025-07-03 17:16:56,231 - __main__ - INFO -   Entry Model: NY_LONDON_SWEEP
2025-07-03 17:16:56,231 - __main__ - INFO - 
 TRADE DETAILS:
2025-07-03 17:16:56,232 - __main__ - INFO -   Entry: 1.79001
2025-07-03 17:16:56,232 - __main__ - INFO -   Stop Loss: 1.78943
2025-07-03 17:16:56,232 - __main__ - INFO -   Take Profit: 1.79297
2025-07-03 17:16:56,232 - __main__ - INFO -   Risk:Reward = 1:5.1
2025-07-03 17:16:56,232 - __main__ - INFO - ==================================================

2025-07-03 17:16:56,233 - bot_components - INFO - EURAUD: Volume=1.59, Risk=$97.52 for SL distance of 0.00093
2025-07-03 17:16:56,385 - bot_components - INFO - EURAUD: Order executed - Ticket: 533070956
2025-07-03 17:16:56,386 - __main__ - INFO - EURAUD: Trade executed successfully!
2025-07-03 17:16:58,111 - __main__ - INFO - EURNZD: Position already open (SELL)
2025-07-03 17:17:01,415 - __main__ - INFO - GBPCAD: Position already open (SELL)
2025-07-03 17:17:01,916 - bot_components - INFO - GBPNZD: Spread 73 > max 50. Skipping.
2025-07-03 17:17:04,553 - __main__ - INFO - Cycle completed in 16.4s. Sleeping for 43.6s...
2025-07-03 17:17:48,139 - __main__ - INFO - 
============================== Cycle 2 ==============================
2025-07-03 17:17:48,139 - __main__ - INFO - Time: 2025-07-03 17:17:48
2025-07-03 17:17:48,139 - __main__ - INFO - Active Kill Zone: NEW YORK KILL ZONE (NY Time: 10:17)
2025-07-03 17:17:54,139 - __main__ - INFO - AUDCHF: Position already open (BUY)
2025-07-03 17:17:55,221 - __main__ - INFO - AUDJPY: Position already open (BUY)
2025-07-03 17:17:55,722 - __main__ - INFO - EURAUD: Position already open (BUY)
2025-07-03 17:17:57,437 - __main__ - INFO - EURNZD: Position already open (SELL)
2025-07-03 17:18:00,728 - __main__ - INFO - GBPCAD: Position already open (SELL)
2025-07-03 17:18:01,229 - bot_components - INFO - GBPNZD: Spread 72 > max 50. Skipping.
2025-07-03 17:18:03,718 - __main__ - INFO - Cycle completed in 15.6s. Sleeping for 44.4s...
2025-07-03 17:18:48,139 - __main__ - INFO - 
============================== Cycle 3 ==============================
2025-07-03 17:18:48,140 - __main__ - INFO - Time: 2025-07-03 17:18:48
2025-07-03 17:18:48,140 - __main__ - INFO - Active Kill Zone: NEW YORK KILL ZONE (NY Time: 10:18)
2025-07-03 17:18:54,084 - __main__ - INFO - AUDCHF: Position already open (BUY)
2025-07-03 17:18:55,167 - __main__ - INFO - AUDJPY: Position already open (BUY)
2025-07-03 17:18:55,669 - __main__ - INFO - EURAUD: Position already open (BUY)
2025-07-03 17:18:57,363 - __main__ - INFO - EURNZD: Position already open (SELL)
2025-07-03 17:19:00,676 - __main__ - INFO - GBPCAD: Position already open (SELL)
2025-07-03 17:19:01,177 - bot_components - INFO - GBPNZD: Spread 66 > max 50. Skipping.
2025-07-03 17:19:03,661 - __main__ - INFO - Cycle completed in 15.5s. Sleeping for 44.5s...
2025-07-03 17:19:48,141 - __main__ - INFO - 
============================== Cycle 4 ==============================
2025-07-03 17:19:48,141 - __main__ - INFO - Time: 2025-07-03 17:19:48
2025-07-03 17:19:48,141 - __main__ - INFO - Active Kill Zone: NEW YORK KILL ZONE (NY Time: 10:19)
2025-07-03 17:19:54,156 - __main__ - INFO - AUDCHF: Position already open (BUY)
2025-07-03 17:19:55,240 - __main__ - INFO - AUDJPY: Position already open (BUY)
2025-07-03 17:19:55,741 - __main__ - INFO - EURAUD: Position already open (BUY)
2025-07-03 17:19:57,433 - __main__ - INFO - EURNZD: Position already open (SELL)
2025-07-03 17:20:00,692 - __main__ - INFO - GBPCAD: Position already open (SELL)
2025-07-03 17:20:01,193 - bot_components - INFO - GBPNZD: Spread 73 > max 50. Skipping.
2025-07-03 17:20:03,615 - __main__ - INFO - Cycle completed in 15.5s. Sleeping for 44.5s...
2025-07-03 17:20:48,142 - __main__ - INFO - 
============================== Cycle 5 ==============================
2025-07-03 17:20:48,143 - __main__ - INFO - Time: 2025-07-03 17:20:48
2025-07-03 17:20:48,144 - __main__ - INFO - Active Kill Zone: NEW YORK KILL ZONE (NY Time: 10:20)
2025-07-03 17:20:54,197 - __main__ - INFO - AUDCHF: Position already open (BUY)
2025-07-03 17:20:55,287 - __main__ - INFO - AUDJPY: Position already open (BUY)
2025-07-03 17:20:55,788 - __main__ - INFO - EURAUD: Position already open (BUY)
2025-07-03 17:20:57,508 - __main__ - INFO - EURNZD: Position already open (SELL)
2025-07-03 17:21:00,760 - __main__ - INFO - GBPCAD: Position already open (SELL)
2025-07-03 17:21:01,262 - bot_components - INFO - GBPNZD: Spread 71 > max 50. Skipping.
2025-07-03 17:21:03,657 - __main__ - INFO - Cycle completed in 15.5s. Sleeping for 44.5s...
2025-07-03 17:21:48,142 - __main__ - INFO - 
============================== Cycle 6 ==============================
2025-07-03 17:21:48,143 - __main__ - INFO - Time: 2025-07-03 17:21:48
2025-07-03 17:21:48,143 - __main__ - INFO - Active Kill Zone: NEW YORK KILL ZONE (NY Time: 10:21)
2025-07-03 17:21:54,001 - __main__ - INFO - AUDCHF: Position already open (BUY)
2025-07-03 17:21:55,106 - __main__ - INFO - AUDJPY: Position already open (BUY)
2025-07-03 17:21:55,608 - __main__ - INFO - EURAUD: Position already open (BUY)
2025-07-03 17:21:57,279 - __main__ - INFO - EURNZD: Position already open (SELL)
2025-07-03 17:21:59,700 - bot_components - INFO - GBPAUD: Spread 51 > max 50. Skipping.
2025-07-03 17:22:00,201 - __main__ - INFO - GBPCAD: Position already open (SELL)
2025-07-03 17:22:00,702 - bot_components - INFO - GBPNZD: Spread 84 > max 50. Skipping.
2025-07-03 17:22:03,094 - __main__ - INFO - Cycle completed in 15.0s. Sleeping for 45.0s...
2025-07-03 17:22:48,144 - __main__ - INFO - 
============================== Cycle 7 ==============================
2025-07-03 17:22:48,144 - __main__ - INFO - Time: 2025-07-03 17:22:48
2025-07-03 17:22:48,145 - __main__ - INFO - Active Kill Zone: NEW YORK KILL ZONE (NY Time: 10:22)
2025-07-03 17:22:54,093 - __main__ - INFO - AUDCHF: Position already open (BUY)
2025-07-03 17:22:55,186 - __main__ - INFO - AUDJPY: Position already open (BUY)
2025-07-03 17:22:55,686 - __main__ - INFO - EURAUD: Position already open (BUY)
2025-07-03 17:22:57,358 - __main__ - INFO - EURNZD: Position already open (SELL)
2025-07-03 17:23:00,655 - __main__ - INFO - GBPCAD: Position already open (SELL)
2025-07-03 17:23:01,156 - bot_components - INFO - GBPNZD: Spread 83 > max 50. Skipping.
2025-07-03 17:23:03,546 - __main__ - INFO - Cycle completed in 15.4s. Sleeping for 44.6s...
2025-07-03 17:23:48,145 - __main__ - INFO - 
============================== Cycle 8 ==============================
2025-07-03 17:23:48,145 - __main__ - INFO - Time: 2025-07-03 17:23:48
2025-07-03 17:23:48,146 - __main__ - INFO - Active Kill Zone: NEW YORK KILL ZONE (NY Time: 10:23)
2025-07-03 17:23:54,057 - __main__ - INFO - AUDCHF: Position already open (BUY)
2025-07-03 17:23:55,154 - __main__ - INFO - AUDJPY: Position already open (BUY)
2025-07-03 17:23:55,656 - __main__ - INFO - EURAUD: Position already open (BUY)
2025-07-03 17:23:57,320 - __main__ - INFO - EURNZD: Position already open (SELL)
2025-07-03 17:23:59,737 - bot_components - INFO - GBPAUD: Spread 51 > max 50. Skipping.
2025-07-03 17:24:00,237 - __main__ - INFO - GBPCAD: Position already open (SELL)
2025-07-03 17:24:00,739 - bot_components - INFO - GBPNZD: Spread 70 > max 50. Skipping.
2025-07-03 17:24:03,175 - __main__ - INFO - Cycle completed in 15.0s. Sleeping for 45.0s...
2025-07-03 17:24:48,146 - __main__ - INFO - 
============================== Cycle 9 ==============================
2025-07-03 17:24:48,147 - __main__ - INFO - Time: 2025-07-03 17:24:48
2025-07-03 17:24:48,147 - __main__ - INFO - Active Kill Zone: NEW YORK KILL ZONE (NY Time: 10:24)
2025-07-03 17:24:54,165 - __main__ - INFO - AUDCHF: Position already open (BUY)
2025-07-03 17:24:55,259 - __main__ - INFO - AUDJPY: Position already open (BUY)
2025-07-03 17:24:55,760 - __main__ - INFO - EURAUD: Position already open (BUY)
2025-07-03 17:24:57,509 - __main__ - INFO - EURNZD: Position already open (SELL)
2025-07-03 17:25:00,774 - __main__ - INFO - GBPCAD: Position already open (SELL)
2025-07-03 17:25:01,275 - bot_components - INFO - GBPNZD: Spread 76 > max 50. Skipping.
2025-07-03 17:25:03,719 - __main__ - INFO - Cycle completed in 15.6s. Sleeping for 44.4s...
2025-07-03 17:25:48,147 - __main__ - INFO - 
============================== Cycle 10 ==============================
2025-07-03 17:25:48,148 - __main__ - INFO - Time: 2025-07-03 17:25:48
2025-07-03 17:25:48,149 - __main__ - INFO - Active Kill Zone: NEW YORK KILL ZONE (NY Time: 10:25)
2025-07-03 17:25:54,212 - __main__ - INFO - AUDCHF: Position already open (BUY)
2025-07-03 17:25:55,331 - __main__ - INFO - AUDJPY: Position already open (BUY)
2025-07-03 17:25:55,832 - __main__ - INFO - EURAUD: Position already open (BUY)
2025-07-03 17:25:57,495 - __main__ - INFO - EURNZD: Position already open (SELL)
2025-07-03 17:26:00,803 - __main__ - INFO - GBPCAD: Position already open (SELL)
2025-07-03 17:26:01,304 - bot_components - INFO - GBPNZD: Spread 82 > max 50. Skipping.
2025-07-03 17:26:03,743 - __main__ - INFO - Cycle completed in 15.6s. Sleeping for 44.4s...
2025-07-03 17:26:48,148 - __main__ - INFO - 
============================== Cycle 11 ==============================
2025-07-03 17:26:48,148 - __main__ - INFO - Time: 2025-07-03 17:26:48
2025-07-03 17:26:48,149 - __main__ - INFO - Active Kill Zone: NEW YORK KILL ZONE (NY Time: 10:26)
2025-07-03 17:26:54,047 - __main__ - INFO - AUDCHF: Position already open (BUY)
2025-07-03 17:26:55,137 - __main__ - INFO - AUDJPY: Position already open (BUY)
2025-07-03 17:26:55,638 - __main__ - INFO - EURAUD: Position already open (BUY)
2025-07-03 17:26:57,300 - __main__ - INFO - EURNZD: Position already open (SELL)
2025-07-03 17:27:00,624 - __main__ - INFO - GBPCAD: Position already open (SELL)
2025-07-03 17:27:01,125 - bot_components - INFO - GBPNZD: Spread 74 > max 50. Skipping.
2025-07-03 17:27:03,571 - __main__ - INFO - Cycle completed in 15.4s. Sleeping for 44.6s...
2025-07-03 17:27:48,149 - __main__ - INFO - 
============================== Cycle 12 ==============================
2025-07-03 17:27:48,149 - __main__ - INFO - Time: 2025-07-03 17:27:48
2025-07-03 17:27:48,149 - __main__ - INFO - Active Kill Zone: NEW YORK KILL ZONE (NY Time: 10:27)
2025-07-03 17:27:54,033 - __main__ - INFO - AUDCHF: Position already open (BUY)
2025-07-03 17:27:55,117 - __main__ - INFO - AUDJPY: Position already open (BUY)
2025-07-03 17:27:55,618 - __main__ - INFO - EURAUD: Position already open (BUY)
2025-07-03 17:27:57,317 - __main__ - INFO - EURNZD: Position already open (SELL)
2025-07-03 17:28:00,658 - __main__ - INFO - GBPCAD: Position already open (SELL)
2025-07-03 17:28:01,159 - bot_components - INFO - GBPNZD: Spread 67 > max 50. Skipping.
2025-07-03 17:28:03,615 - __main__ - INFO - Cycle completed in 15.5s. Sleeping for 44.5s...
2025-07-03 17:28:48,149 - __main__ - INFO - 
============================== Cycle 13 ==============================
2025-07-03 17:28:48,150 - __main__ - INFO - Time: 2025-07-03 17:28:48
2025-07-03 17:28:48,150 - __main__ - INFO - Active Kill Zone: NEW YORK KILL ZONE (NY Time: 10:28)
2025-07-03 17:28:54,106 - __main__ - INFO - AUDCHF: Position already open (BUY)
2025-07-03 17:28:55,187 - __main__ - INFO - AUDJPY: Position already open (BUY)
2025-07-03 17:28:55,688 - __main__ - INFO - EURAUD: Position already open (BUY)
2025-07-03 17:28:57,349 - __main__ - INFO - EURNZD: Position already open (SELL)
2025-07-03 17:29:00,642 - __main__ - INFO - GBPCAD: Position already open (SELL)
2025-07-03 17:29:01,143 - bot_components - INFO - GBPNZD: Spread 80 > max 50. Skipping.
2025-07-03 17:29:03,541 - __main__ - INFO - Cycle completed in 15.4s. Sleeping for 44.6s...
2025-07-03 17:29:48,150 - __main__ - INFO - 
============================== Cycle 14 ==============================
2025-07-03 17:29:48,151 - __main__ - INFO - Time: 2025-07-03 17:29:48
2025-07-03 17:29:48,151 - __main__ - INFO - Active Kill Zone: NEW YORK KILL ZONE (NY Time: 10:29)
2025-07-03 17:29:54,041 - __main__ - INFO - AUDCHF: Position already open (BUY)
2025-07-03 17:29:55,127 - __main__ - INFO - AUDJPY: Position already open (BUY)
2025-07-03 17:29:55,628 - __main__ - INFO - EURAUD: Position already open (BUY)
2025-07-03 17:29:57,369 - __main__ - INFO - EURNZD: Position already open (SELL)
2025-07-03 17:30:00,619 - __main__ - INFO - GBPCAD: Position already open (SELL)
2025-07-03 17:30:01,120 - bot_components - INFO - GBPNZD: Spread 82 > max 50. Skipping.
2025-07-03 17:30:03,522 - __main__ - INFO - Cycle completed in 15.4s. Sleeping for 44.6s...
2025-07-03 17:30:48,151 - __main__ - INFO - 
============================== Cycle 15 ==============================
2025-07-03 17:30:48,151 - __main__ - INFO - Time: 2025-07-03 17:30:48
2025-07-03 17:30:48,152 - __main__ - INFO - Active Kill Zone: NEW YORK KILL ZONE (NY Time: 10:30)
2025-07-03 17:30:54,116 - __main__ - INFO - AUDCHF: Position already open (BUY)
2025-07-03 17:30:55,198 - __main__ - INFO - AUDJPY: Position already open (BUY)
2025-07-03 17:30:55,699 - __main__ - INFO - EURAUD: Position already open (BUY)
2025-07-03 17:30:57,400 - __main__ - INFO - EURNZD: Position already open (SELL)
2025-07-03 17:31:00,692 - __main__ - INFO - GBPCAD: Position already open (SELL)
2025-07-03 17:31:01,192 - bot_components - INFO - GBPNZD: Spread 73 > max 50. Skipping.
2025-07-03 17:31:03,606 - __main__ - INFO - Cycle completed in 15.5s. Sleeping for 44.5s...
2025-07-03 17:31:48,152 - __main__ - INFO - 
============================== Cycle 16 ==============================
2025-07-03 17:31:48,152 - __main__ - INFO - Time: 2025-07-03 17:31:48
2025-07-03 17:31:48,152 - __main__ - INFO - Active Kill Zone: NEW YORK KILL ZONE (NY Time: 10:31)
2025-07-03 17:31:54,067 - __main__ - INFO - AUDCHF: Position already open (BUY)
2025-07-03 17:31:55,148 - __main__ - INFO - AUDJPY: Position already open (BUY)
2025-07-03 17:31:55,786 - ict_bot - INFO - Valid liquidity target: Equal Highs (2 times) at 1.79297, offering 16.1R.
2025-07-03 17:31:55,786 - ict_bot - WARNING - NY_LONDON_SWEEP: BUY signal invalid levels. SL=1.7894814776137806, Entry=1.78925, TP=1.79297
2025-07-03 17:31:57,448 - __main__ - INFO - EURNZD: Position already open (SELL)
2025-07-03 17:32:00,705 - __main__ - INFO - GBPCAD: Position already open (SELL)
2025-07-03 17:32:01,206 - bot_components - INFO - GBPNZD: Spread 73 > max 50. Skipping.
2025-07-03 17:32:03,654 - __main__ - INFO - Cycle completed in 15.5s. Sleeping for 44.5s...
2025-07-03 17:32:48,152 - __main__ - INFO - 
============================== Cycle 17 ==============================
2025-07-03 17:32:48,153 - __main__ - INFO - Time: 2025-07-03 17:32:48
2025-07-03 17:32:48,153 - __main__ - INFO - Active Kill Zone: NEW YORK KILL ZONE (NY Time: 10:32)
2025-07-03 17:32:54,148 - __main__ - INFO - AUDCHF: Position already open (BUY)
2025-07-03 17:32:55,263 - __main__ - INFO - AUDJPY: Position already open (BUY)
2025-07-03 17:32:55,938 - ict_bot - INFO - Valid liquidity target: Equal Highs (2 times) at 1.79297, offering 305.8R.
2025-07-03 17:32:55,938 - ict_bot - WARNING - NY_LONDON_SWEEP: BUY signal invalid levels. SL=1.7894714776137806, Entry=1.78946, TP=1.79297
2025-07-03 17:32:57,601 - __main__ - INFO - EURNZD: Position already open (SELL)
2025-07-03 17:33:00,965 - __main__ - INFO - GBPCAD: Position already open (SELL)
2025-07-03 17:33:01,465 - bot_components - INFO - GBPNZD: Spread 82 > max 50. Skipping.
2025-07-03 17:33:03,917 - __main__ - INFO - Cycle completed in 15.8s. Sleeping for 44.2s...
2025-07-03 17:33:48,153 - __main__ - INFO - 
============================== Cycle 18 ==============================
2025-07-03 17:33:48,154 - __main__ - INFO - Time: 2025-07-03 17:33:48
2025-07-03 17:33:48,154 - __main__ - INFO - Active Kill Zone: NEW YORK KILL ZONE (NY Time: 10:33)
2025-07-03 17:33:54,153 - __main__ - INFO - AUDCHF: Position already open (BUY)
2025-07-03 17:33:55,237 - __main__ - INFO - AUDJPY: Position already open (BUY)
2025-07-03 17:33:55,912 - ict_bot - INFO - Valid liquidity target: Equal Highs (2 times) at 1.79297, offering 22.1R.
2025-07-03 17:33:55,913 - ict_bot - WARNING - NY_LONDON_SWEEP: BUY signal invalid levels. SL=1.7894657633280664, Entry=1.7893, TP=1.79297
2025-07-03 17:33:57,679 - __main__ - INFO - EURNZD: Position already open (SELL)
2025-07-03 17:34:00,930 - __main__ - INFO - GBPCAD: Position already open (SELL)
2025-07-03 17:34:01,431 - bot_components - INFO - GBPNZD: Spread 71 > max 50. Skipping.
2025-07-03 17:34:03,890 - __main__ - INFO - Cycle completed in 15.7s. Sleeping for 44.3s...
2025-07-03 17:34:48,154 - __main__ - INFO - 
============================== Cycle 19 ==============================
2025-07-03 17:34:48,155 - __main__ - INFO - Time: 2025-07-03 17:34:48
2025-07-03 17:34:48,155 - __main__ - INFO - Active Kill Zone: NEW YORK KILL ZONE (NY Time: 10:34)
2025-07-03 17:34:54,184 - __main__ - INFO - AUDCHF: Position already open (BUY)
2025-07-03 17:34:55,271 - __main__ - INFO - AUDJPY: Position already open (BUY)
2025-07-03 17:34:55,906 - ict_bot - INFO - Valid liquidity target: Equal Highs (2 times) at 1.79297, offering 7.8R.
2025-07-03 17:34:55,906 - ict_bot - WARNING - NY_LONDON_SWEEP: BUY signal invalid levels. SL=1.7894229061852092, Entry=1.7889, TP=1.79297
2025-07-03 17:34:57,572 - __main__ - INFO - EURNZD: Position already open (SELL)
2025-07-03 17:35:00,849 - __main__ - INFO - GBPCAD: Position already open (SELL)
2025-07-03 17:35:01,350 - bot_components - INFO - GBPNZD: Spread 74 > max 50. Skipping.
2025-07-03 17:35:03,774 - __main__ - INFO - Cycle completed in 15.6s. Sleeping for 44.4s...
2025-07-03 17:35:48,155 - __main__ - INFO - 
============================== Cycle 20 ==============================
2025-07-03 17:35:48,155 - __main__ - INFO - Time: 2025-07-03 17:35:48
2025-07-03 17:35:48,156 - __main__ - INFO - Active Kill Zone: NEW YORK KILL ZONE (NY Time: 10:35)
2025-07-03 17:35:54,233 - __main__ - INFO - AUDCHF: Position already open (BUY)
2025-07-03 17:35:55,442 - __main__ - INFO - AUDJPY: Position already open (BUY)
2025-07-03 17:35:56,118 - ict_bot - INFO - Valid liquidity target: Equal Highs (2 times) at 1.79297, offering 8.8R.
2025-07-03 17:35:56,118 - ict_bot - WARNING - NY_LONDON_SWEEP: BUY signal invalid levels. SL=1.7894229061852092, Entry=1.78897, TP=1.79297
2025-07-03 17:35:57,782 - __main__ - INFO - EURNZD: Position already open (SELL)
2025-07-03 17:36:00,279 - bot_components - INFO - GBPAUD: Spread 51 > max 50. Skipping.
2025-07-03 17:36:00,780 - __main__ - INFO - GBPCAD: Position already open (SELL)
2025-07-03 17:36:01,281 - bot_components - INFO - GBPNZD: Spread 77 > max 50. Skipping.
2025-07-03 17:36:03,652 - __main__ - INFO - Cycle completed in 15.5s. Sleeping for 44.5s...
2025-07-03 17:36:48,156 - __main__ - INFO - 
============================== Cycle 21 ==============================
2025-07-03 17:36:48,156 - __main__ - INFO - Time: 2025-07-03 17:36:48
2025-07-03 17:36:48,156 - __main__ - INFO - Active Kill Zone: NEW YORK KILL ZONE (NY Time: 10:36)
2025-07-03 17:36:54,323 - __main__ - INFO - AUDCHF: Position already open (BUY)
2025-07-03 17:36:55,409 - __main__ - INFO - AUDJPY: Position already open (BUY)
2025-07-03 17:36:56,060 - ict_bot - INFO - Valid liquidity target: Equal Highs (2 times) at 1.79297, offering 11.1R.
2025-07-03 17:36:56,061 - ict_bot - WARNING - NY_LONDON_SWEEP: BUY signal invalid levels. SL=1.7894229061852092, Entry=1.7890700000000002, TP=1.79297
2025-07-03 17:36:57,773 - __main__ - INFO - EURNZD: Position already open (SELL)
2025-07-03 17:37:01,095 - __main__ - INFO - GBPCAD: Position already open (SELL)
2025-07-03 17:37:01,596 - bot_components - INFO - GBPNZD: Spread 82 > max 50. Skipping.
2025-07-03 17:37:04,065 - __main__ - INFO - Cycle completed in 15.9s. Sleeping for 44.1s...
2025-07-03 17:37:48,157 - __main__ - INFO - 
============================== Cycle 22 ==============================
2025-07-03 17:37:48,157 - __main__ - INFO - Time: 2025-07-03 17:37:48
2025-07-03 17:37:48,158 - __main__ - INFO - Active Kill Zone: NEW YORK KILL ZONE (NY Time: 10:37)
2025-07-03 17:37:54,165 - __main__ - INFO - AUDCHF: Position already open (BUY)
2025-07-03 17:37:55,250 - __main__ - INFO - AUDJPY: Position already open (BUY)
2025-07-03 17:37:55,892 - ict_bot - INFO - Valid liquidity target: Equal Highs (2 times) at 1.79297, offering 9.0R.
2025-07-03 17:37:55,892 - ict_bot - WARNING - NY_LONDON_SWEEP: BUY signal invalid levels. SL=1.7894229061852092, Entry=1.78898, TP=1.79297
2025-07-03 17:37:57,630 - __main__ - INFO - EURNZD: Position already open (SELL)
2025-07-03 17:38:00,956 - __main__ - INFO - GBPCAD: Position already open (SELL)
2025-07-03 17:38:01,456 - bot_components - INFO - GBPNZD: Spread 75 > max 50. Skipping.
2025-07-03 17:38:03,908 - __main__ - INFO - Cycle completed in 15.8s. Sleeping for 44.2s...
2025-07-03 17:38:48,157 - __main__ - INFO - 
============================== Cycle 23 ==============================
2025-07-03 17:38:48,158 - __main__ - INFO - Time: 2025-07-03 17:38:48
2025-07-03 17:38:48,158 - __main__ - INFO - Active Kill Zone: NEW YORK KILL ZONE (NY Time: 10:38)
2025-07-03 17:38:53,920 - __main__ - INFO - AUDCHF: Position already open (BUY)
2025-07-03 17:38:55,044 - __main__ - INFO - AUDJPY: Position already open (BUY)
2025-07-03 17:38:55,726 - ict_bot - INFO - Valid liquidity target: Equal Highs (2 times) at 1.79297, offering 24.9R.
2025-07-03 17:38:55,726 - ict_bot - INFO - ICT Signal Generated: BUY EURAUD @ 1.78956
2025-07-03 17:38:55,726 - ict_bot - INFO -   Narrative: BULLISH | distribution_continuation | NY_LONDON_SWEEP
2025-07-03 17:38:55,726 - ict_bot - INFO -   SL: 1.78942, TP: 1.79297
2025-07-03 17:38:55,726 - __main__ - INFO - 
==================================================
2025-07-03 17:38:55,727 - __main__ - INFO - ICT SIGNAL GENERATED: EURAUD - BUY
2025-07-03 17:38:55,727 - __main__ - INFO - ==================================================
2025-07-03 17:38:55,727 - __main__ - INFO - NARRATIVE:
2025-07-03 17:38:55,727 - __main__ - INFO -   Daily Bias: BULLISH
2025-07-03 17:38:55,727 - __main__ - INFO -   PO3 Phase: distribution_continuation
2025-07-03 17:38:55,728 - __main__ - INFO -   Kill Zone: NewYork
2025-07-03 17:38:55,728 - __main__ - INFO -   Entry Model: NY_LONDON_SWEEP
2025-07-03 17:38:55,728 - __main__ - INFO - 
 TRADE DETAILS:
2025-07-03 17:38:55,728 - __main__ - INFO -   Entry: 1.78956
2025-07-03 17:38:55,728 - __main__ - INFO -   Stop Loss: 1.78942
2025-07-03 17:38:55,729 - __main__ - INFO -   Take Profit: 1.79297
2025-07-03 17:38:55,729 - __main__ - INFO -   Risk:Reward = 1:24.9
2025-07-03 17:38:55,729 - __main__ - INFO - ==================================================

2025-07-03 17:38:55,729 - bot_components - INFO - EURAUD: Volume=2.79, Risk=$96.52 for SL distance of 0.00053
2025-07-03 17:38:55,877 - bot_components - INFO - EURAUD: Order executed - Ticket: 533087904
2025-07-03 17:38:55,878 - __main__ - INFO - EURAUD: Trade executed successfully!
2025-07-03 17:38:57,589 - __main__ - INFO - EURNZD: Position already open (SELL)
2025-07-03 17:39:00,752 - __main__ - INFO - GBPCAD: Position already open (SELL)
2025-07-03 17:39:01,253 - bot_components - INFO - GBPNZD: Spread 77 > max 50. Skipping.
2025-07-03 17:39:03,642 - __main__ - INFO - Cycle completed in 15.5s. Sleeping for 44.5s...
2025-07-03 17:39:48,158 - __main__ - INFO - 
============================== Cycle 24 ==============================
2025-07-03 17:39:48,159 - __main__ - INFO - Time: 2025-07-03 17:39:48
2025-07-03 17:39:48,159 - __main__ - INFO - Active Kill Zone: NEW YORK KILL ZONE (NY Time: 10:39)
2025-07-03 17:39:53,896 - __main__ - INFO - AUDCHF: Position already open (BUY)
2025-07-03 17:39:55,039 - __main__ - INFO - AUDJPY: Position already open (BUY)
2025-07-03 17:39:55,540 - __main__ - INFO - EURAUD: Position already open (BUY)
2025-07-03 17:39:57,301 - __main__ - INFO - EURNZD: Position already open (SELL)
2025-07-03 17:40:00,363 - __main__ - INFO - GBPCAD: Position already open (SELL)
2025-07-03 17:40:00,864 - bot_components - INFO - GBPNZD: Spread 77 > max 50. Skipping.
2025-07-03 17:40:03,415 - __main__ - INFO - Cycle completed in 15.3s. Sleeping for 44.7s...
2025-07-03 17:40:48,159 - __main__ - INFO - 
============================== Cycle 25 ==============================
2025-07-03 17:40:48,160 - __main__ - INFO - Time: 2025-07-03 17:40:48
2025-07-03 17:40:48,160 - __main__ - INFO - Active Kill Zone: NEW YORK KILL ZONE (NY Time: 10:40)
2025-07-03 17:40:54,112 - __main__ - INFO - AUDCHF: Position already open (BUY)
2025-07-03 17:40:55,226 - __main__ - INFO - AUDJPY: Position already open (BUY)
2025-07-03 17:40:55,867 - ict_bot - INFO - Valid liquidity target: Equal Highs (2 times) at 1.79297, offering 22.3R.
2025-07-03 17:40:55,868 - ict_bot - INFO - ICT Signal Generated: BUY EURAUD @ 1.78957
2025-07-03 17:40:55,868 - ict_bot - INFO -   Narrative: BULLISH | distribution_continuation | NY_LONDON_SWEEP
2025-07-03 17:40:55,868 - ict_bot - INFO -   SL: 1.78942, TP: 1.79297
2025-07-03 17:40:55,868 - __main__ - INFO - 
==================================================
2025-07-03 17:40:55,869 - __main__ - INFO - ICT SIGNAL GENERATED: EURAUD - BUY
2025-07-03 17:40:55,869 - __main__ - INFO - ==================================================
2025-07-03 17:40:55,869 - __main__ - INFO - NARRATIVE:
2025-07-03 17:40:55,869 - __main__ - INFO -   Daily Bias: BULLISH
2025-07-03 17:40:55,869 - __main__ - INFO -   PO3 Phase: distribution_continuation
2025-07-03 17:40:55,870 - __main__ - INFO -   Kill Zone: NewYork
2025-07-03 17:40:55,870 - __main__ - INFO -   Entry Model: NY_LONDON_SWEEP
2025-07-03 17:40:55,870 - __main__ - INFO - 
 TRADE DETAILS:
2025-07-03 17:40:55,870 - __main__ - INFO -   Entry: 1.78957
2025-07-03 17:40:55,870 - __main__ - INFO -   Stop Loss: 1.78942
2025-07-03 17:40:55,870 - __main__ - INFO -   Take Profit: 1.79297
2025-07-03 17:40:55,871 - __main__ - INFO -   Risk:Reward = 1:22.3
2025-07-03 17:40:55,871 - __main__ - INFO - ==================================================

2025-07-03 17:40:55,871 - bot_components - INFO - EURAUD: Volume=2.78, Risk=$95.54 for SL distance of 0.00052
2025-07-03 17:40:56,017 - bot_components - INFO - EURAUD: Order executed - Ticket: 533089768
2025-07-03 17:40:56,017 - __main__ - INFO - EURAUD: Trade executed successfully!
2025-07-03 17:40:57,776 - __main__ - INFO - EURNZD: Position already open (SELL)
2025-07-03 17:41:00,831 - __main__ - INFO - GBPCAD: Position already open (SELL)
2025-07-03 17:41:01,333 - bot_components - INFO - GBPNZD: Spread 76 > max 50. Skipping.
2025-07-03 17:41:03,758 - __main__ - INFO - Cycle completed in 15.6s. Sleeping for 44.4s...
2025-07-03 17:41:48,160 - __main__ - INFO - 
============================== Cycle 26 ==============================
2025-07-03 17:41:48,161 - __main__ - INFO - Time: 2025-07-03 17:41:48
2025-07-03 17:41:48,161 - __main__ - INFO - Active Kill Zone: NEW YORK KILL ZONE (NY Time: 10:41)
2025-07-03 17:41:54,373 - __main__ - INFO - AUDCHF: Position already open (BUY)
2025-07-03 17:41:55,464 - __main__ - INFO - AUDJPY: Position already open (BUY)
2025-07-03 17:41:55,965 - __main__ - INFO - EURAUD: Position already open (BUY)
2025-07-03 17:41:57,634 - __main__ - INFO - EURNZD: Position already open (SELL)
2025-07-03 17:42:00,697 - __main__ - INFO - GBPCAD: Position already open (SELL)
2025-07-03 17:42:01,198 - bot_components - INFO - GBPNZD: Spread 68 > max 50. Skipping.
2025-07-03 17:42:03,612 - __main__ - INFO - Cycle completed in 15.5s. Sleeping for 44.5s...
2025-07-03 17:42:48,161 - __main__ - INFO - 
============================== Cycle 27 ==============================
2025-07-03 17:42:48,162 - __main__ - INFO - Time: 2025-07-03 17:42:48
2025-07-03 17:42:48,162 - __main__ - INFO - Active Kill Zone: NEW YORK KILL ZONE (NY Time: 10:42)
2025-07-03 17:42:54,217 - __main__ - INFO - AUDCHF: Position already open (BUY)
2025-07-03 17:42:55,303 - __main__ - INFO - AUDJPY: Position already open (BUY)
2025-07-03 17:42:55,804 - __main__ - INFO - EURAUD: Position already open (BUY)
2025-07-03 17:42:57,470 - __main__ - INFO - EURNZD: Position already open (SELL)
2025-07-03 17:43:00,522 - __main__ - INFO - GBPCAD: Position already open (SELL)
2025-07-03 17:43:01,023 - bot_components - INFO - GBPNZD: Spread 74 > max 50. Skipping.
2025-07-03 17:43:03,541 - __main__ - INFO - Cycle completed in 15.4s. Sleeping for 44.6s...
2025-07-03 17:43:48,162 - __main__ - INFO - 
============================== Cycle 28 ==============================
2025-07-03 17:43:48,162 - __main__ - INFO - Time: 2025-07-03 17:43:48
2025-07-03 17:43:48,163 - __main__ - INFO - Active Kill Zone: NEW YORK KILL ZONE (NY Time: 10:43)
2025-07-03 17:43:54,230 - __main__ - INFO - AUDCHF: Position already open (BUY)
2025-07-03 17:43:55,314 - __main__ - INFO - AUDJPY: Position already open (BUY)
2025-07-03 17:43:55,814 - __main__ - INFO - EURAUD: Position already open (BUY)
2025-07-03 17:43:57,494 - __main__ - INFO - EURNZD: Position already open (SELL)
2025-07-03 17:44:00,514 - __main__ - INFO - GBPCAD: Position already open (SELL)
2025-07-03 17:44:01,015 - bot_components - INFO - GBPNZD: Spread 81 > max 50. Skipping.
2025-07-03 17:44:03,402 - __main__ - INFO - Cycle completed in 15.2s. Sleeping for 44.8s...
2025-07-03 17:44:48,163 - __main__ - INFO - 
============================== Cycle 29 ==============================
2025-07-03 17:44:48,163 - __main__ - INFO - Time: 2025-07-03 17:44:48
2025-07-03 17:44:48,164 - __main__ - INFO - Active Kill Zone: NEW YORK KILL ZONE (NY Time: 10:44)
2025-07-03 17:44:53,995 - __main__ - INFO - AUDCHF: Position already open (BUY)
2025-07-03 17:44:55,077 - __main__ - INFO - AUDJPY: Position already open (BUY)
2025-07-03 17:44:55,577 - __main__ - INFO - EURAUD: Position already open (BUY)
2025-07-03 17:44:57,319 - __main__ - INFO - EURNZD: Position already open (SELL)
2025-07-03 17:44:59,751 - bot_components - INFO - GBPAUD: Spread 53 > max 50. Skipping.
2025-07-03 17:45:00,252 - __main__ - INFO - GBPCAD: Position already open (SELL)
2025-07-03 17:45:00,752 - bot_components - INFO - GBPNZD: Spread 75 > max 50. Skipping.
2025-07-03 17:45:03,363 - __main__ - INFO - Cycle completed in 15.2s. Sleeping for 44.8s...
2025-07-03 17:45:48,164 - __main__ - INFO - 
============================== Cycle 30 ==============================
2025-07-03 17:45:48,164 - __main__ - INFO - Time: 2025-07-03 17:45:48
2025-07-03 17:45:48,164 - __main__ - INFO - Active Kill Zone: NEW YORK KILL ZONE (NY Time: 10:45)
2025-07-03 17:45:54,040 - __main__ - INFO - AUDCHF: Position already open (BUY)
2025-07-03 17:45:55,123 - __main__ - INFO - AUDJPY: Position already open (BUY)
2025-07-03 17:45:55,624 - __main__ - INFO - EURAUD: Position already open (BUY)
2025-07-03 17:45:57,285 - __main__ - INFO - EURNZD: Position already open (SELL)
2025-07-03 17:46:00,433 - __main__ - INFO - GBPCAD: Position already open (SELL)
2025-07-03 17:46:00,934 - bot_components - INFO - GBPNZD: Spread 75 > max 50. Skipping.
2025-07-03 17:46:03,502 - __main__ - INFO - Cycle completed in 15.3s. Sleeping for 44.7s...
2025-07-03 17:46:48,164 - __main__ - INFO - 
============================== Cycle 31 ==============================
2025-07-03 17:46:48,165 - __main__ - INFO - Time: 2025-07-03 17:46:48
2025-07-03 17:46:48,165 - __main__ - INFO - Active Kill Zone: NEW YORK KILL ZONE (NY Time: 10:46)
2025-07-03 17:46:54,081 - __main__ - INFO - AUDCHF: Position already open (BUY)
2025-07-03 17:46:55,169 - __main__ - INFO - AUDJPY: Position already open (BUY)
2025-07-03 17:46:55,670 - __main__ - INFO - EURAUD: Position already open (BUY)
2025-07-03 17:46:57,340 - __main__ - INFO - EURNZD: Position already open (SELL)
2025-07-03 17:47:00,563 - __main__ - INFO - GBPCAD: Position already open (SELL)
2025-07-03 17:47:01,064 - bot_components - INFO - GBPNZD: Spread 80 > max 50. Skipping.
2025-07-03 17:47:03,640 - __main__ - INFO - Cycle completed in 15.5s. Sleeping for 44.5s...
2025-07-03 17:47:48,165 - __main__ - INFO - 
============================== Cycle 32 ==============================
2025-07-03 17:47:48,165 - __main__ - INFO - Time: 2025-07-03 17:47:48
2025-07-03 17:47:48,166 - __main__ - INFO - Active Kill Zone: NEW YORK KILL ZONE (NY Time: 10:47)
2025-07-03 17:47:53,900 - __main__ - INFO - AUDCHF: Position already open (BUY)
2025-07-03 17:47:54,990 - __main__ - INFO - AUDJPY: Position already open (BUY)
2025-07-03 17:47:55,491 - __main__ - INFO - EURAUD: Position already open (BUY)
2025-07-03 17:47:57,242 - __main__ - INFO - EURNZD: Position already open (SELL)
2025-07-03 17:48:00,497 - __main__ - INFO - GBPCAD: Position already open (SELL)
2025-07-03 17:48:00,998 - bot_components - INFO - GBPNZD: Spread 82 > max 50. Skipping.
2025-07-03 17:48:03,622 - __main__ - INFO - Cycle completed in 15.5s. Sleeping for 44.5s...
2025-07-03 17:48:48,166 - __main__ - INFO - 
============================== Cycle 33 ==============================
2025-07-03 17:48:48,166 - __main__ - INFO - Time: 2025-07-03 17:48:48
2025-07-03 17:48:48,167 - __main__ - INFO - Active Kill Zone: NEW YORK KILL ZONE (NY Time: 10:48)
2025-07-03 17:48:54,034 - __main__ - INFO - AUDCHF: Position already open (BUY)
2025-07-03 17:48:55,117 - __main__ - INFO - AUDJPY: Position already open (BUY)
2025-07-03 17:48:55,618 - __main__ - INFO - EURAUD: Position already open (BUY)
2025-07-03 17:48:57,285 - __main__ - INFO - EURNZD: Position already open (SELL)
2025-07-03 17:48:59,605 - bot_components - INFO - GBPAUD: Spread 51 > max 50. Skipping.
2025-07-03 17:49:00,106 - __main__ - INFO - GBPCAD: Position already open (SELL)
2025-07-03 17:49:00,608 - bot_components - INFO - GBPNZD: Spread 79 > max 50. Skipping.
2025-07-03 17:49:03,201 - __main__ - INFO - Cycle completed in 15.0s. Sleeping for 45.0s...
2025-07-03 17:49:48,166 - __main__ - INFO - 
============================== Cycle 34 ==============================
2025-07-03 17:49:48,168 - __main__ - INFO - Time: 2025-07-03 17:49:48
2025-07-03 17:49:48,168 - __main__ - INFO - Active Kill Zone: NEW YORK KILL ZONE (NY Time: 10:49)
2025-07-03 17:49:54,005 - __main__ - INFO - AUDCHF: Position already open (BUY)
2025-07-03 17:49:55,093 - __main__ - INFO - AUDJPY: Position already open (BUY)
2025-07-03 17:49:55,593 - __main__ - INFO - EURAUD: Position already open (BUY)
2025-07-03 17:49:57,274 - __main__ - INFO - EURNZD: Position already open (SELL)
2025-07-03 17:50:00,398 - __main__ - INFO - GBPCAD: Position already open (SELL)
2025-07-03 17:50:00,899 - bot_components - INFO - GBPNZD: Spread 76 > max 50. Skipping.
2025-07-03 17:50:03,516 - __main__ - INFO - Cycle completed in 15.3s. Sleeping for 44.7s...
2025-07-03 17:50:25,459 - __main__ - INFO - 
 Bot stopped by user
2025-07-03 17:50:25,460 - __main__ - INFO - 
 Final Statistics:
2025-07-03 17:50:25,460 - __main__ - INFO -   Total trades today: 4
2025-07-03 17:50:25,461 - __main__ - INFO -   Session breakdown: {'NewYork': 4}
2025-07-03 17:50:25,462 - bot_components - INFO - MT5 connection closed.
2025-07-03 17:50:25,463 - __main__ - INFO - 
 ICT Trading Bot Shutdown Complete

