2025-09-02 13:03:48,211 - __main__ - INFO - Shutting down trading bot
2025-09-02 13:03:48,212 - __main__ - INFO - Trading bot shutdown complete
2025-09-02 13:03:48,213 - __main__ - INFO - Program terminated by user
2025-09-02 13:03:48,213 - mt5_client - INFO - MT5 connection shut down
2025-09-02 13:03:53,826 - __main__ - INFO - Configuration loaded successfully from config.json
2025-09-02 13:03:54,831 - mt5_client - INFO - Connected to MT5 terminal: MetaTrader 5
2025-09-02 13:03:54,831 - mt5_client - INFO - MT5 version: (500, 5200, '1 Aug 2025')
2025-09-02 13:03:54,832 - __main__ - INFO - Initial account balance: 208.84
2025-09-02 13:03:54,832 - __main__ - INFO - Trading bot initialized successfully
2025-09-02 13:03:54,832 - __main__ - INFO - Starting main trading loop
2025-09-02 13:12:59,288 - mt5_client - ERROR - MT5 not connected
2025-09-02 13:12:59,289 - market_data - WARNING - No data available for EURUSD M5
2025-09-02 13:12:59,289 - __main__ - WARNING - No data available for EURUSD M5
2025-09-02 13:12:59,289 - market_data - WARNING - No data available for EURUSD M15
2025-09-02 13:12:59,289 - __main__ - WARNING - No data available for EURUSD M15
2025-09-02 13:12:59,289 - market_data - WARNING - No data available for EURUSD H1
2025-09-02 13:12:59,289 - __main__ - WARNING - No data available for EURUSD H1
2025-09-02 13:12:59,290 - market_data - WARNING - No data available for GBPUSD M15
2025-09-02 13:12:59,290 - __main__ - WARNING - No data available for GBPUSD M15
2025-09-02 13:12:59,290 - market_data - WARNING - No data available for GBPUSD H1
2025-09-02 13:12:59,290 - __main__ - WARNING - No data available for GBPUSD H1
2025-09-02 13:12:59,290 - market_data - WARNING - No data available for USDJPY M15
2025-09-02 13:12:59,290 - __main__ - WARNING - No data available for USDJPY M15
2025-09-02 13:12:59,290 - market_data - WARNING - No data available for USDJPY H1
2025-09-02 13:12:59,290 - __main__ - WARNING - No data available for USDJPY H1
2025-09-02 13:12:59,291 - market_data - WARNING - No data available for AUDUSD M15
2025-09-02 13:12:59,291 - __main__ - WARNING - No data available for AUDUSD M15
2025-09-02 13:12:59,291 - market_data - WARNING - No data available for AUDUSD H1
2025-09-02 13:12:59,291 - __main__ - WARNING - No data available for AUDUSD H1
2025-09-02 13:12:59,291 - market_data - WARNING - No data available for NZDUSD M15
2025-09-02 13:12:59,291 - __main__ - WARNING - No data available for NZDUSD M15
2025-09-02 13:12:59,292 - market_data - WARNING - No data available for NZDUSD H1
2025-09-02 13:12:59,292 - __main__ - WARNING - No data available for NZDUSD H1
2025-09-02 13:12:59,292 - market_data - WARNING - No data available for USDCAD M15
2025-09-02 13:12:59,292 - __main__ - WARNING - No data available for USDCAD M15
2025-09-02 13:12:59,292 - market_data - WARNING - No data available for USDCAD H1
2025-09-02 13:12:59,292 - __main__ - WARNING - No data available for USDCAD H1
2025-09-02 13:12:59,292 - market_data - WARNING - No data available for USDCHF M15
2025-09-02 13:12:59,293 - __main__ - WARNING - No data available for USDCHF M15
2025-09-02 13:12:59,293 - market_data - WARNING - No data available for USDCHF H1
2025-09-02 13:12:59,293 - __main__ - WARNING - No data available for USDCHF H1
2025-09-02 13:12:59,293 - market_data - WARNING - No data available for XAUUSD M15
2025-09-02 13:12:59,293 - __main__ - WARNING - No data available for XAUUSD M15
2025-09-02 13:12:59,293 - market_data - WARNING - No data available for XAUUSD H1
2025-09-02 13:12:59,293 - __main__ - WARNING - No data available for XAUUSD H1
2025-09-02 13:12:59,294 - market_data - WARNING - No data available for XAGUSD M15
2025-09-02 13:12:59,294 - __main__ - WARNING - No data available for XAGUSD M15
2025-09-02 13:12:59,294 - market_data - WARNING - No data available for XAGUSD H1
2025-09-02 13:12:59,294 - __main__ - WARNING - No data available for XAGUSD H1
2025-09-02 13:13:03,890 - __main__ - INFO - Shutting down trading bot
2025-09-02 13:13:03,890 - __main__ - INFO - Trading bot shutdown complete
2025-09-02 13:13:03,891 - __main__ - INFO - Program terminated by user
2025-09-02 13:13:03,891 - mt5_client - INFO - MT5 connection shut down
2025-09-02 13:13:09,147 - __main__ - INFO - Configuration loaded successfully from config.json
2025-09-02 13:13:14,226 - mt5_client - INFO - Connected to MT5 terminal: MetaTrader 5
2025-09-02 13:13:14,226 - mt5_client - INFO - MT5 version: (500, 5200, '1 Aug 2025')
2025-09-02 13:13:14,227 - __main__ - INFO - Initial account balance: 208.84
2025-09-02 13:13:14,227 - __main__ - INFO - Trading bot initialized successfully
2025-09-02 13:13:14,227 - __main__ - INFO - Starting main trading loop
2025-09-02 14:27:55,117 - strategy - INFO - Signal confirmed with patterns: ['ENGULFING']
2025-09-02 14:27:55,127 - strategy - INFO - Adjusted SL for USDCAD: raw SL=1.37785, spread=0.00004, spread_points=4, pip_size=0.0001
2025-09-02 14:27:55,138 - strategy - INFO - Signal generated for USDCAD: {'type': 0, 'entry_price': 1.379, 'stop_loss': 1.37785, 'take_profit': 1.3813, 'stop_loss_pips': 11.499999999999844, 'reason': 'bullish_breakout', 'confidence': 0.0004425452883436469, 'timestamp': datetime.datetime(2025, 9, 2, 11, 27, 55, 138891)}
2025-09-02 14:27:55,139 - __main__ - INFO - Signal generated for USDCAD: TradingSignal(type=0, entry_price=1.379, stop_loss=1.37785, take_profit=1.3813, stop_loss_pips=11.499999999999844, reason='bullish_breakout', confidence=0.0004425452883436469, timestamp=datetime.datetime(2025, 9, 2, 11, 27, 55, 138891))
2025-09-02 14:27:55,140 - __main__ - INFO - Computed SL distance for USDCAD: price distance=0.00115000, pip distance=11.5000 pips
2025-09-02 14:27:55,142 - risk_manager - INFO - Calculated position size for USDCAD: 0.01 lots
2025-09-02 14:27:55,441 - mt5_client - INFO - Order placed successfully: 176191463
2025-09-02 14:27:55,444 - trade_logger - INFO - Trade logged: {'timestamp': datetime.datetime(2025, 9, 2, 14, 27, 55, 441751), 'symbol': 'USDCAD', 'order_type': 'BUY', 'entry_price': 1.37904, 'volume': 0.01, 'stop_loss': 1.37785, 'take_profit': 1.3813, 'ticket': 176191463}
2025-09-02 14:27:55,444 - __main__ - INFO - Trade executed successfully: {'timestamp': datetime.datetime(2025, 9, 2, 14, 27, 55, 441751), 'symbol': 'USDCAD', 'order_type': 'BUY', 'entry_price': 1.37904, 'volume': 0.01, 'stop_loss': 1.37785, 'take_profit': 1.3813, 'ticket': 176191463}
2025-09-02 14:28:55,985 - strategy - INFO - Signal confirmed with patterns: ['ENGULFING']
2025-09-02 14:28:55,995 - strategy - INFO - Adjusted SL for USDCAD: raw SL=1.37787, spread=0.00002, spread_points=2, pip_size=0.0001
2025-09-02 14:28:56,007 - strategy - INFO - Signal generated for USDCAD: {'type': 0, 'entry_price': 1.37899, 'stop_loss': 1.3778700000000002, 'take_profit': 1.3812299999999995, 'stop_loss_pips': 11.199999999997878, 'reason': 'bullish_breakout', 'confidence': 0.0004352904475510806, 'timestamp': datetime.datetime(2025, 9, 2, 11, 28, 56, 7821)}
2025-09-02 14:28:56,008 - __main__ - INFO - Signal generated for USDCAD: TradingSignal(type=0, entry_price=1.37899, stop_loss=1.3778700000000002, take_profit=1.3812299999999995, stop_loss_pips=11.199999999997878, reason='bullish_breakout', confidence=0.0004352904475510806, timestamp=datetime.datetime(2025, 9, 2, 11, 28, 56, 7821))
2025-09-02 14:28:56,009 - __main__ - INFO - Computed SL distance for USDCAD: price distance=0.00112000, pip distance=11.2000 pips
2025-09-02 14:28:56,011 - risk_manager - INFO - Calculated position size for USDCAD: 0.01 lots
2025-09-02 14:28:56,304 - mt5_client - INFO - Order placed successfully: 176191563
2025-09-02 14:28:56,306 - trade_logger - INFO - Trade logged: {'timestamp': datetime.datetime(2025, 9, 2, 14, 28, 56, 304967), 'symbol': 'USDCAD', 'order_type': 'BUY', 'entry_price': 1.37901, 'volume': 0.01, 'stop_loss': 1.3778700000000002, 'take_profit': 1.3812299999999995, 'ticket': 176191563}
2025-09-02 14:28:56,307 - __main__ - INFO - Trade executed successfully: {'timestamp': datetime.datetime(2025, 9, 2, 14, 28, 56, 304967), 'symbol': 'USDCAD', 'order_type': 'BUY', 'entry_price': 1.37901, 'volume': 0.01, 'stop_loss': 1.3778700000000002, 'take_profit': 1.3812299999999995, 'ticket': 176191563}
2025-09-02 14:29:56,880 - strategy - INFO - Signal confirmed with patterns: ['ENGULFING']
2025-09-02 14:29:56,892 - strategy - INFO - Adjusted SL for USDCAD: raw SL=1.37788, spread=0.00001, spread_points=1, pip_size=0.0001
2025-09-02 14:29:56,904 - strategy - INFO - Signal generated for USDCAD: {'type': 0, 'entry_price': 1.37933, 'stop_loss': 1.37788, 'take_profit': 1.3822299999999998, 'stop_loss_pips': 14.499999999999513, 'reason': 'bullish_breakout', 'confidence': 0.0006819550344967251, 'timestamp': datetime.datetime(2025, 9, 2, 11, 29, 56, 903961)}
2025-09-02 14:29:56,904 - __main__ - INFO - Signal generated for USDCAD: TradingSignal(type=0, entry_price=1.37933, stop_loss=1.37788, take_profit=1.3822299999999998, stop_loss_pips=14.499999999999513, reason='bullish_breakout', confidence=0.0006819550344967251, timestamp=datetime.datetime(2025, 9, 2, 11, 29, 56, 903961))
2025-09-02 14:29:56,905 - __main__ - INFO - Computed SL distance for USDCAD: price distance=0.00145000, pip distance=14.5000 pips
2025-09-02 14:29:56,907 - risk_manager - INFO - Position already open for USDCAD, skipping new signal
2025-09-02 14:29:56,907 - __main__ - INFO - Risk limits prevent trading USDCAD
2025-09-02 14:30:57,468 - strategy - INFO - Signal confirmed with patterns: ['ENGULFING']
2025-09-02 14:30:57,479 - strategy - INFO - Adjusted SL for USDCAD: raw SL=1.37787, spread=0.00002, spread_points=2, pip_size=0.0001
2025-09-02 14:30:57,491 - strategy - INFO - Signal generated for USDCAD: {'type': 0, 'entry_price': 1.37921, 'stop_loss': 1.3778700000000002, 'take_profit': 1.3818899999999998, 'stop_loss_pips': 13.399999999998968, 'reason': 'bullish_breakout', 'confidence': 0.0005948969449865734, 'timestamp': datetime.datetime(2025, 9, 2, 11, 30, 57, 491447)}
2025-09-02 14:30:57,491 - __main__ - INFO - Signal generated for USDCAD: TradingSignal(type=0, entry_price=1.37921, stop_loss=1.3778700000000002, take_profit=1.3818899999999998, stop_loss_pips=13.399999999998968, reason='bullish_breakout', confidence=0.0005948969449865734, timestamp=datetime.datetime(2025, 9, 2, 11, 30, 57, 491447))
2025-09-02 14:30:57,493 - __main__ - INFO - Computed SL distance for USDCAD: price distance=0.00134000, pip distance=13.4000 pips
2025-09-02 14:30:57,494 - risk_manager - INFO - Position already open for USDCAD, skipping new signal
2025-09-02 14:30:57,494 - __main__ - INFO - Risk limits prevent trading USDCAD
2025-09-02 14:51:29,969 - __main__ - INFO - Shutting down trading bot
2025-09-02 14:51:29,970 - __main__ - INFO - Note: 2 positions remain open and will be managed by their SL/TP
2025-09-02 14:51:29,970 - __main__ - INFO - Open position: USDCAD - Volume: 0.01 - Profit: -0.01
2025-09-02 14:51:29,970 - __main__ - INFO - Open position: USDCAD - Volume: 0.01 - Profit: 0.01
2025-09-02 14:51:29,971 - __main__ - INFO - Trading bot shutdown complete
2025-09-02 14:51:29,972 - __main__ - INFO - Program terminated by user
2025-09-02 14:51:29,973 - mt5_client - INFO - MT5 connection shut down
2025-09-02 14:51:33,354 - __main__ - INFO - Configuration loaded successfully from config.json
2025-09-02 14:51:35,282 - mt5_client - INFO - Connected to MT5 terminal: MetaTrader 5
2025-09-02 14:51:35,282 - mt5_client - INFO - MT5 version: (500, 5200, '1 Aug 2025')
2025-09-02 14:51:35,283 - __main__ - INFO - Initial account balance: 208.76
2025-09-02 14:51:35,283 - __main__ - INFO - Trading bot initialized successfully
2025-09-02 14:51:35,283 - __main__ - INFO - Starting main trading loop
2025-09-02 14:55:32,678 - __main__ - INFO - Shutting down trading bot
2025-09-02 14:55:32,679 - __main__ - INFO - Note: 2 positions remain open and will be managed by their SL/TP
2025-09-02 14:55:32,679 - __main__ - INFO - Open position: USDCAD - Volume: 0.01 - Profit: -0.15
2025-09-02 14:55:32,679 - __main__ - INFO - Open position: USDCAD - Volume: 0.01 - Profit: -0.13
2025-09-02 14:55:32,680 - __main__ - INFO - Trading bot shutdown complete
2025-09-02 14:55:32,680 - __main__ - INFO - Program terminated by user
2025-09-02 14:55:32,681 - mt5_client - INFO - MT5 connection shut down
2025-09-02 14:55:36,680 - __main__ - INFO - Configuration loaded successfully from config.json
2025-09-02 14:55:37,690 - mt5_client - INFO - Connected to MT5 terminal: MetaTrader 5
2025-09-02 14:55:37,690 - mt5_client - INFO - MT5 version: (500, 5200, '1 Aug 2025')
2025-09-02 14:55:37,691 - __main__ - INFO - Initial account balance: 208.76
2025-09-02 14:55:37,691 - __main__ - INFO - Trading bot initialized successfully
2025-09-02 14:55:37,691 - __main__ - INFO - Starting main trading loop
2025-09-02 15:09:20,707 - __main__ - INFO - Shutting down trading bot
2025-09-02 15:09:20,708 - __main__ - INFO - Note: 2 positions remain open and will be managed by their SL/TP
2025-09-02 15:09:20,708 - __main__ - INFO - Open position: USDCAD - Volume: 0.01 - Profit: -0.27
2025-09-02 15:09:20,708 - __main__ - INFO - Open position: USDCAD - Volume: 0.01 - Profit: -0.25
2025-09-02 15:09:20,708 - __main__ - INFO - Trading bot shutdown complete
2025-09-02 15:09:20,709 - __main__ - INFO - Program terminated by user
2025-09-02 15:09:20,709 - mt5_client - INFO - MT5 connection shut down
2025-09-02 15:09:30,895 - __main__ - INFO - Configuration loaded successfully from config.json
2025-09-02 15:09:31,844 - mt5_client - INFO - Connected to MT5 terminal: MetaTrader 5
2025-09-02 15:09:31,844 - mt5_client - INFO - MT5 version: (500, 5200, '1 Aug 2025')
2025-09-02 15:09:31,845 - __main__ - INFO - Initial account balance: 208.76
2025-09-02 15:09:31,845 - __main__ - INFO - Trading bot initialized successfully
2025-09-02 15:09:31,846 - __main__ - INFO - Starting main trading loop
2025-09-02 15:17:04,371 - __main__ - INFO - Shutting down trading bot
2025-09-02 15:17:04,371 - __main__ - INFO - Note: 2 positions remain open and will be managed by their SL/TP
2025-09-02 15:17:04,372 - __main__ - INFO - Open position: USDCAD - Volume: 0.01 - Profit: 0.12
2025-09-02 15:17:04,372 - __main__ - INFO - Open position: USDCAD - Volume: 0.01 - Profit: 0.15
2025-09-02 15:17:04,372 - __main__ - INFO - Trading bot shutdown complete
2025-09-02 15:17:04,373 - __main__ - INFO - Program terminated by user
2025-09-02 15:17:04,373 - mt5_client - INFO - MT5 connection shut down
2025-09-02 15:17:34,373 - __main__ - INFO - Configuration loaded successfully from config.json
2025-09-02 15:17:35,330 - mt5_client - INFO - Connected to MT5 terminal: MetaTrader 5
2025-09-02 15:17:35,331 - mt5_client - INFO - MT5 version: (500, 5200, '1 Aug 2025')
2025-09-02 15:17:35,331 - __main__ - INFO - Initial account balance: 208.76
2025-09-02 15:17:35,331 - __main__ - INFO - Trading bot initialized successfully
2025-09-02 15:17:35,332 - __main__ - INFO - Starting main trading loop
2025-09-02 15:19:30,090 - __main__ - INFO - Shutting down trading bot
2025-09-02 15:19:30,092 - __main__ - INFO - Note: 2 positions remain open and will be managed by their SL/TP
2025-09-02 15:19:30,092 - __main__ - INFO - Open position: USDCAD - Volume: 0.01 - Profit: 0.36
2025-09-02 15:19:30,092 - __main__ - INFO - Open position: USDCAD - Volume: 0.01 - Profit: 0.38
2025-09-02 15:19:30,092 - __main__ - INFO - Trading bot shutdown complete
2025-09-02 15:19:30,093 - __main__ - INFO - Program terminated by user
2025-09-02 15:19:30,093 - mt5_client - INFO - MT5 connection shut down
2025-09-02 15:51:25,541 - __main__ - INFO - Configuration loaded successfully from config.json
2025-09-02 15:51:27,380 - mt5_client - INFO - Connected to MT5 terminal: MetaTrader 5
2025-09-02 15:51:27,381 - mt5_client - INFO - MT5 version: (500, 5200, '1 Aug 2025')
2025-09-02 15:51:27,381 - __main__ - INFO - Initial account balance: 210.33
2025-09-02 15:51:27,381 - __main__ - INFO - Trading bot initialized successfully
2025-09-02 15:51:27,382 - __main__ - INFO - Starting main trading loop
2025-09-02 17:38:35,503 - mt5_client - ERROR - MT5 not connected
2025-09-02 17:38:35,512 - market_data - WARNING - No data available for EURUSD M15
2025-09-02 17:38:35,512 - __main__ - WARNING - No data available for EURUSD M15
2025-09-02 17:38:35,513 - market_data - WARNING - No data available for EURUSD H1
2025-09-02 17:38:35,513 - __main__ - WARNING - No data available for EURUSD H1
2025-09-02 17:38:35,513 - market_data - WARNING - No data available for GBPUSD M15
2025-09-02 17:38:35,513 - __main__ - WARNING - No data available for GBPUSD M15
2025-09-02 17:38:35,514 - market_data - WARNING - No data available for GBPUSD H1
2025-09-02 17:38:35,514 - __main__ - WARNING - No data available for GBPUSD H1
2025-09-02 17:38:35,514 - market_data - WARNING - No data available for USDJPY M15
2025-09-02 17:38:35,514 - __main__ - WARNING - No data available for USDJPY M15
2025-09-02 17:38:35,515 - market_data - WARNING - No data available for USDJPY H1
2025-09-02 17:38:35,515 - __main__ - WARNING - No data available for USDJPY H1
2025-09-02 17:38:35,515 - market_data - WARNING - No data available for AUDUSD M15
2025-09-02 17:38:35,515 - __main__ - WARNING - No data available for AUDUSD M15
2025-09-02 17:38:35,516 - market_data - WARNING - No data available for AUDUSD H1
2025-09-02 17:38:35,516 - __main__ - WARNING - No data available for AUDUSD H1
2025-09-02 17:38:35,517 - market_data - WARNING - No data available for NZDUSD M15
2025-09-02 17:38:35,517 - __main__ - WARNING - No data available for NZDUSD M15
2025-09-02 17:38:35,517 - market_data - WARNING - No data available for NZDUSD H1
2025-09-02 17:38:35,518 - __main__ - WARNING - No data available for NZDUSD H1
2025-09-02 17:38:35,518 - market_data - WARNING - No data available for USDCAD M15
2025-09-02 17:38:35,518 - __main__ - WARNING - No data available for USDCAD M15
2025-09-02 17:38:35,519 - market_data - WARNING - No data available for USDCAD H1
2025-09-02 17:38:35,519 - __main__ - WARNING - No data available for USDCAD H1
2025-09-02 17:38:35,520 - market_data - WARNING - No data available for USDCHF M15
2025-09-02 17:38:35,520 - __main__ - WARNING - No data available for USDCHF M15
2025-09-02 17:38:35,520 - market_data - WARNING - No data available for USDCHF H1
2025-09-02 17:38:35,521 - __main__ - WARNING - No data available for USDCHF H1
2025-09-02 17:38:35,521 - market_data - WARNING - No data available for XAUUSD M15
2025-09-02 17:38:35,521 - __main__ - WARNING - No data available for XAUUSD M15
2025-09-02 17:38:35,522 - market_data - WARNING - No data available for XAUUSD H1
2025-09-02 17:38:35,522 - __main__ - WARNING - No data available for XAUUSD H1
2025-09-02 17:38:35,523 - market_data - WARNING - No data available for XAGUSD M15
2025-09-02 17:38:35,523 - __main__ - WARNING - No data available for XAGUSD M15
2025-09-02 17:38:35,523 - market_data - WARNING - No data available for XAGUSD H1
2025-09-02 17:38:35,523 - __main__ - WARNING - No data available for XAGUSD H1
2025-09-02 17:39:04,510 - __main__ - INFO - Shutting down trading bot
2025-09-02 17:39:04,511 - __main__ - INFO - Trading bot shutdown complete
2025-09-02 17:39:04,523 - __main__ - INFO - Program terminated by user
2025-09-02 17:39:04,524 - mt5_client - INFO - MT5 connection shut down
2025-09-02 17:39:17,296 - __main__ - INFO - Configuration loaded successfully from config.json
2025-09-02 17:39:20,246 - mt5_client - INFO - Connected to MT5 terminal: MetaTrader 5
2025-09-02 17:39:20,246 - mt5_client - INFO - MT5 version: (500, 5200, '1 Aug 2025')
2025-09-02 17:39:20,247 - __main__ - INFO - Initial account balance: 211.93
2025-09-02 17:39:20,247 - __main__ - INFO - Trading bot initialized successfully
2025-09-02 17:39:20,247 - __main__ - INFO - Starting main trading loop
2025-09-02 18:01:09,060 - __main__ - INFO - Shutting down trading bot
2025-09-02 18:01:09,062 - __main__ - INFO - Trading bot shutdown complete
2025-09-02 18:01:09,064 - __main__ - INFO - Program terminated by user
2025-09-02 18:01:09,065 - mt5_client - INFO - MT5 connection shut down
2025-09-02 18:01:12,714 - __main__ - INFO - Configuration loaded successfully from config.json
2025-09-02 18:01:13,671 - mt5_client - INFO - Connected to MT5 terminal: MetaTrader 5
2025-09-02 18:01:13,671 - mt5_client - INFO - MT5 version: (500, 5200, '1 Aug 2025')
2025-09-02 18:01:13,672 - __main__ - INFO - Initial account balance: 211.93
2025-09-02 18:01:13,672 - __main__ - INFO - Trading bot initialized successfully
2025-09-02 18:01:13,672 - __main__ - INFO - Starting main trading loop
2025-09-02 21:32:29,035 - mt5_client - ERROR - MT5 not connected
2025-09-02 21:32:29,037 - market_data - WARNING - No data available for EURUSD M15
2025-09-02 21:32:29,038 - __main__ - WARNING - No data available for EURUSD M15
2025-09-02 21:32:29,039 - market_data - WARNING - No data available for EURUSD H1
2025-09-02 21:32:29,039 - __main__ - WARNING - No data available for EURUSD H1
2025-09-02 21:32:29,040 - market_data - WARNING - No data available for GBPUSD M15
2025-09-02 21:32:29,040 - __main__ - WARNING - No data available for GBPUSD M15
2025-09-02 21:32:29,041 - market_data - WARNING - No data available for GBPUSD H1
2025-09-02 21:32:29,041 - __main__ - WARNING - No data available for GBPUSD H1
2025-09-02 21:32:29,042 - market_data - WARNING - No data available for USDJPY M15
2025-09-02 21:32:29,042 - __main__ - WARNING - No data available for USDJPY M15
2025-09-02 21:32:29,043 - market_data - WARNING - No data available for USDJPY H1
2025-09-02 21:32:29,043 - __main__ - WARNING - No data available for USDJPY H1
2025-09-02 21:32:29,044 - market_data - WARNING - No data available for AUDUSD M15
2025-09-02 21:32:29,044 - __main__ - WARNING - No data available for AUDUSD M15
2025-09-02 21:32:29,045 - market_data - WARNING - No data available for AUDUSD H1
2025-09-02 21:32:29,045 - __main__ - WARNING - No data available for AUDUSD H1
2025-09-02 21:32:29,046 - market_data - WARNING - No data available for NZDUSD M15
2025-09-02 21:32:29,046 - __main__ - WARNING - No data available for NZDUSD M15
2025-09-02 21:32:29,047 - market_data - WARNING - No data available for NZDUSD H1
2025-09-02 21:32:29,047 - __main__ - WARNING - No data available for NZDUSD H1
2025-09-02 21:32:29,047 - market_data - WARNING - No data available for USDCAD M15
2025-09-02 21:32:29,048 - __main__ - WARNING - No data available for USDCAD M15
2025-09-02 21:32:29,048 - market_data - WARNING - No data available for USDCAD H1
2025-09-02 21:32:29,048 - __main__ - WARNING - No data available for USDCAD H1
2025-09-02 21:32:29,049 - market_data - WARNING - No data available for USDCHF M15
2025-09-02 21:32:29,049 - __main__ - WARNING - No data available for USDCHF M15
2025-09-02 21:32:29,050 - market_data - WARNING - No data available for USDCHF H1
2025-09-02 21:32:29,050 - __main__ - WARNING - No data available for USDCHF H1
2025-09-02 21:32:29,050 - market_data - WARNING - No data available for XAUUSD M15
2025-09-02 21:32:29,050 - __main__ - WARNING - No data available for XAUUSD M15
2025-09-02 21:32:29,051 - market_data - WARNING - No data available for XAUUSD H1
2025-09-02 21:32:29,051 - __main__ - WARNING - No data available for XAUUSD H1
2025-09-02 21:32:29,051 - market_data - WARNING - No data available for XAGUSD M15
2025-09-02 21:32:29,051 - __main__ - WARNING - No data available for XAGUSD M15
2025-09-02 21:32:29,052 - market_data - WARNING - No data available for XAGUSD H1
2025-09-02 21:32:29,052 - __main__ - WARNING - No data available for XAGUSD H1
2025-09-02 21:32:33,938 - __main__ - INFO - Shutting down trading bot
2025-09-02 21:32:33,939 - __main__ - INFO - Trading bot shutdown complete
2025-09-02 21:32:33,942 - __main__ - INFO - Program terminated by user
2025-09-02 21:32:33,942 - mt5_client - INFO - MT5 connection shut down
2025-09-02 21:42:01,944 - __main__ - INFO - Configuration loaded successfully from config.json
2025-09-02 21:42:01,974 - mt5_client - INFO - Connected to MT5 terminal: MetaTrader 5
2025-09-02 21:42:01,975 - mt5_client - INFO - MT5 version: (500, 5200, '1 Aug 2025')
2025-09-02 21:42:01,975 - trade_logger - INFO - Loaded 2 trades from file
2025-09-02 21:42:01,976 - __main__ - INFO - Initial account balance: 211.93
2025-09-02 21:42:01,976 - __main__ - INFO - Trading bot initialized successfully
2025-09-02 21:42:01,976 - __main__ - INFO - Starting main trading loop
2025-09-02 21:42:01,977 - trade_logger - INFO - Loaded 2 trades from file
2025-09-02 21:43:02,618 - trade_logger - INFO - Loaded 2 trades from file
2025-09-02 21:44:02,701 - trade_logger - INFO - Loaded 2 trades from file
2025-09-02 21:45:02,746 - trade_logger - INFO - Loaded 2 trades from file
2025-09-02 21:46:03,039 - trade_logger - INFO - Loaded 2 trades from file
2025-09-02 21:46:25,437 - __main__ - INFO - Shutting down trading bot
2025-09-02 21:46:25,439 - __main__ - INFO - Trading bot shutdown complete
2025-09-02 21:46:25,439 - __main__ - INFO - Program terminated by user
2025-09-02 21:46:25,440 - mt5_client - INFO - MT5 connection shut down
2025-09-02 21:46:28,102 - __main__ - INFO - Configuration loaded successfully from config.json
2025-09-02 21:46:28,121 - mt5_client - INFO - Connected to MT5 terminal: MetaTrader 5
2025-09-02 21:46:28,121 - mt5_client - INFO - MT5 version: (500, 5200, '1 Aug 2025')
2025-09-02 21:46:28,122 - trade_logger - INFO - Loaded 2 trades from file
2025-09-02 21:46:28,122 - __main__ - INFO - Initial account balance: 211.93
2025-09-02 21:46:28,123 - __main__ - INFO - Trading bot initialized successfully
2025-09-02 21:46:28,123 - __main__ - INFO - Starting main trading loop
